
Circuit 1 cell sky130_fd_pr__nfet_g5v0d10v5 and Circuit 2 cell sky130_fd_pr__nfet_g5v0d10v5 are black boxes.
Warning: Equate pins:  cell sky130_fd_pr__nfet_g5v0d10v5 is a placeholder, treated as a black box.
Warning: Equate pins:  cell sky130_fd_pr__nfet_g5v0d10v5 is a placeholder, treated as a black box.

Subcircuit pins:
Circuit 1: sky130_fd_pr__nfet_g5v0d10v5    |Circuit 2: sky130_fd_pr__nfet_g5v0d10v5    
-------------------------------------------|-------------------------------------------
1                                          |1                                          
2                                          |2                                          
3                                          |3                                          
4                                          |4                                          
---------------------------------------------------------------------------------------
Cell pin lists are equivalent.
Device classes sky130_fd_pr__nfet_g5v0d10v5 and sky130_fd_pr__nfet_g5v0d10v5 are equivalent.
Flattening unmatched subcell cm_ncell1_half in circuit cm_ncell1 (0)(2 instances)
Flattening unmatched subcell cm_ncell1_left in circuit cm_ncell1 (0)(2 instances)
Flattening unmatched subcell cm_ncell1_cell in circuit cm_ncell1 (0)(2 instances)
Flattening unmatched subcell cm_ncell1_4_2 in circuit cm_ncell1 (0)(2 instances)
Flattening unmatched subcell cm_ncell1_4 in circuit cm_ncell1 (0)(4 instances)
Flattening unmatched subcell cm_ncell_4 in circuit cm_ncell1 (0)(4 instances)
Flattening unmatched subcell cm_ncell_2 in circuit cm_ncell1 (0)(8 instances)
Flattening unmatched subcell cm_ncell_1 in circuit cm_ncell1 (0)(16 instances)
Flattening unmatched subcell sky130_fd_pr__nfet_g5v0d10v5_QKV39N in circuit cm_ncell1 (0)(16 instances)
Flattening unmatched subcell cm_ncell1_6_2 in circuit cm_ncell1 (0)(2 instances)
Flattening unmatched subcell cm_ncell1_4 in circuit cm_ncell1 (0)(2 instances)
Flattening unmatched subcell cm_ncell_4 in circuit cm_ncell1 (0)(2 instances)
Flattening unmatched subcell cm_ncell_2 in circuit cm_ncell1 (0)(4 instances)
Flattening unmatched subcell cm_ncell_1 in circuit cm_ncell1 (0)(14 instances)
Flattening unmatched subcell sky130_fd_pr__nfet_g5v0d10v5_QKV39N in circuit cm_ncell1 (0)(20 instances)
Flattening unmatched subcell cm_ncell1_right in circuit cm_ncell1 (0)(2 instances)
Flattening unmatched subcell cm_ncell1_cell in circuit cm_ncell1 (0)(2 instances)
Flattening unmatched subcell cm_ncell1_4_2 in circuit cm_ncell1 (0)(2 instances)
Flattening unmatched subcell cm_ncell1_4 in circuit cm_ncell1 (0)(4 instances)
Flattening unmatched subcell cm_ncell_4 in circuit cm_ncell1 (0)(4 instances)
Flattening unmatched subcell cm_ncell_2 in circuit cm_ncell1 (0)(8 instances)
Flattening unmatched subcell cm_ncell_1 in circuit cm_ncell1 (0)(16 instances)
Flattening unmatched subcell sky130_fd_pr__nfet_g5v0d10v5_QKV39N in circuit cm_ncell1 (0)(16 instances)
Flattening unmatched subcell cm_ncell1_6_2 in circuit cm_ncell1 (0)(2 instances)
Flattening unmatched subcell cm_ncell1_4 in circuit cm_ncell1 (0)(2 instances)
Flattening unmatched subcell cm_ncell_4 in circuit cm_ncell1 (0)(2 instances)
Flattening unmatched subcell cm_ncell_2 in circuit cm_ncell1 (0)(4 instances)
Flattening unmatched subcell cm_ncell_1 in circuit cm_ncell1 (0)(14 instances)
Flattening unmatched subcell sky130_fd_pr__nfet_g5v0d10v5_QKV39N in circuit cm_ncell1 (0)(20 instances)

Class cm_ncell1 (0):  Merged 64 parallel devices.
Subcircuit summary:
Circuit 1: cm_ncell1                       |Circuit 2: cm_ncell1                       
-------------------------------------------|-------------------------------------------
sky130_fd_pr__nfet_g5v0d10v5 (72->8)       |sky130_fd_pr__nfet_g5v0d10v5 (72->8)       
Number of devices: 8                       |Number of devices: 8                       
Number of nets: 9                          |Number of nets: 9                          
---------------------------------------------------------------------------------------
Resolving symmetries by property value.
Resolving symmetries by pin name.
Netlists match uniquely.

Subcircuit pins:
Circuit 1: cm_ncell1                       |Circuit 2: cm_ncell1                       
-------------------------------------------|-------------------------------------------
GND                                        |GND                                        
G1                                         |G1                                         
io0                                        |io0                                        
to2                                        |to2                                        
io1                                        |io1                                        
to3                                        |to3                                        
to4                                        |to4                                        
to0                                        |to0                                        
to1                                        |to1                                        
---------------------------------------------------------------------------------------
Cell pin lists are equivalent.
Device classes cm_ncell1 and cm_ncell1 are equivalent.

Final result: Circuits match uniquely.
.
