
Circuit 1 cell sky130_fd_pr__pfet_g5v0d10v5 and Circuit 2 cell sky130_fd_pr__pfet_g5v0d10v5 are black boxes.
Warning: Equate pins:  cell sky130_fd_pr__pfet_g5v0d10v5 is a placeholder, treated as a black box.
Warning: Equate pins:  cell sky130_fd_pr__pfet_g5v0d10v5 is a placeholder, treated as a black box.

Subcircuit pins:
Circuit 1: sky130_fd_pr__pfet_g5v0d10v5    |Circuit 2: sky130_fd_pr__pfet_g5v0d10v5    
-------------------------------------------|-------------------------------------------
1                                          |1                                          
2                                          |2                                          
3                                          |3                                          
4                                          |4                                          
---------------------------------------------------------------------------------------
Cell pin lists are equivalent.
Device classes sky130_fd_pr__pfet_g5v0d10v5 and sky130_fd_pr__pfet_g5v0d10v5 are equivalent.
Flattening unmatched subcell cm_pcell3_cell in circuit cm_pcell3 (0)(2 instances)
Flattening unmatched subcell cm_pcell3_2 in circuit cm_pcell3 (0)(4 instances)
Flattening unmatched subcell sky130_fd_pr__pfet_g5v0d10v5_Y56K3G in circuit cm_pcell3 (0)(4 instances)
Flattening unmatched subcell sky130_fd_pr__pfet_g5v0d10v5_NWEK38 in circuit cm_pcell3 (0)(4 instances)
Flattening unmatched subcell sky130_fd_pr__pfet_g5v0d10v5_RPZ9PD in circuit cm_pcell3 (0)(8 instances)

Class cm_pcell3 (0):  Merged 11 parallel devices.
Subcircuit summary:
Circuit 1: cm_pcell3                       |Circuit 2: cm_pcell3                       
-------------------------------------------|-------------------------------------------
sky130_fd_pr__pfet_g5v0d10v5 (16->5)       |sky130_fd_pr__pfet_g5v0d10v5 (16->5)       
Number of devices: 5                       |Number of devices: 5                       
Number of nets: 6                          |Number of nets: 6                          
---------------------------------------------------------------------------------------
Netlists match uniquely.

Subcircuit pins:
Circuit 1: cm_pcell3                       |Circuit 2: cm_pcell3                       
-------------------------------------------|-------------------------------------------
ROUT                                       |ROUT                                       
VDDA                                       |VDDA                                       
VB1                                        |VB1                                        
VB2                                        |VB2                                        
---------------------------------------------------------------------------------------
Cell pin lists are equivalent.
Device classes cm_pcell3 and cm_pcell3 are equivalent.

Final result: Circuits match uniquely.
.
