Netgen 1.5.292 compiled on Thu Mar  6 15:36:50 +07 2025
Warning: netgen command 'format' use fully-qualified name '::netgen::format'
Warning: netgen command 'global' use fully-qualified name '::netgen::global'
Reading netlist file /home/yohanes/10-bit-DAC/lvs/cm_pcell3.ext.spc
Call to undefined subcircuit sky130_fd_pr__pfet_g5v0d10v5
Creating placeholder cell definition.
Reading netlist file /home/yohanes/10-bit-DAC/lvs/cm_pcell3.sch.spc
Call to undefined subcircuit sky130_fd_pr__pfet_g5v0d10v5
Creating placeholder cell definition.

Reading setup file /home/yohanes/pdk/sky130A/libs.tech/netgen/sky130A_setup.tcl

Model sky130_fd_pr__pfet_g5v0d10v5 pin 1 == 3
No property mult found for device sky130_fd_pr__pfet_g5v0d10v5
No property sa found for device sky130_fd_pr__pfet_g5v0d10v5
No property sb found for device sky130_fd_pr__pfet_g5v0d10v5
No property sd found for device sky130_fd_pr__pfet_g5v0d10v5
No property nf found for device sky130_fd_pr__pfet_g5v0d10v5
No property nrd found for device sky130_fd_pr__pfet_g5v0d10v5
No property nrs found for device sky130_fd_pr__pfet_g5v0d10v5
No property area found for device sky130_fd_pr__pfet_g5v0d10v5
No property perim found for device sky130_fd_pr__pfet_g5v0d10v5
No property topography found for device sky130_fd_pr__pfet_g5v0d10v5
Model sky130_fd_pr__pfet_g5v0d10v5 pin 1 == 3
No property as found for device sky130_fd_pr__pfet_g5v0d10v5
No property ad found for device sky130_fd_pr__pfet_g5v0d10v5
No property ps found for device sky130_fd_pr__pfet_g5v0d10v5
No property pd found for device sky130_fd_pr__pfet_g5v0d10v5
No property mult found for device sky130_fd_pr__pfet_g5v0d10v5
No property sa found for device sky130_fd_pr__pfet_g5v0d10v5
No property sb found for device sky130_fd_pr__pfet_g5v0d10v5
No property sd found for device sky130_fd_pr__pfet_g5v0d10v5
No property nrd found for device sky130_fd_pr__pfet_g5v0d10v5
No property nrs found for device sky130_fd_pr__pfet_g5v0d10v5
No property area found for device sky130_fd_pr__pfet_g5v0d10v5
No property perim found for device sky130_fd_pr__pfet_g5v0d10v5
No property topography found for device sky130_fd_pr__pfet_g5v0d10v5
Comparison output logged to file /home/yohanes/10-bit-DAC/lvs/cm_pcell3.lvs.out
Logging to file "/home/yohanes/10-bit-DAC/lvs/cm_pcell3.lvs.out" enabled
Circuit sky130_fd_pr__pfet_g5v0d10v5 contains no devices.

Contents of circuit 1:  Circuit: 'cm_pcell3'
Circuit cm_pcell3 contains 16 device instances.
  Class: sky130_fd_pr__pfet_g5v0d10v5 instances:  16
Circuit contains 6 nets.
Contents of circuit 2:  Circuit: 'cm_pcell3'
Circuit cm_pcell3 contains 5 device instances.
  Class: sky130_fd_pr__pfet_g5v0d10v5 instances:   5
Circuit contains 6 nets.

Circuit was modified by parallel/series device merging.
New circuit summary:

Contents of circuit 1:  Circuit: 'cm_pcell3'
Circuit cm_pcell3 contains 5 device instances.
  Class: sky130_fd_pr__pfet_g5v0d10v5 instances:   5
Circuit contains 6 nets.
Contents of circuit 2:  Circuit: 'cm_pcell3'
Circuit cm_pcell3 contains 5 device instances.
  Class: sky130_fd_pr__pfet_g5v0d10v5 instances:   5
Circuit contains 6 nets.

Circuit 1 contains 5 devices, Circuit 2 contains 5 devices.
Circuit 1 contains 6 nets,    Circuit 2 contains 6 nets.


Final result: 
Circuits match uniquely.
.
Logging to file "/home/yohanes/10-bit-DAC/lvs/cm_pcell3.lvs.out" disabled
LVS Done.
