
Circuit 1 cell sky130_fd_pr__pfet_g5v0d10v5 and Circuit 2 cell sky130_fd_pr__pfet_g5v0d10v5 are black boxes.
Warning: Equate pins:  cell sky130_fd_pr__pfet_g5v0d10v5 is a placeholder, treated as a black box.
Warning: Equate pins:  cell sky130_fd_pr__pfet_g5v0d10v5 is a placeholder, treated as a black box.

Subcircuit pins:
Circuit 1: sky130_fd_pr__pfet_g5v0d10v5    |Circuit 2: sky130_fd_pr__pfet_g5v0d10v5    
-------------------------------------------|-------------------------------------------
1                                          |1                                          
2                                          |2                                          
3                                          |3                                          
4                                          |4                                          
---------------------------------------------------------------------------------------
Cell pin lists are equivalent.
Device classes sky130_fd_pr__pfet_g5v0d10v5 and sky130_fd_pr__pfet_g5v0d10v5 are equivalent.

Circuit 1 cell sky130_fd_pr__nfet_01v8 and Circuit 2 cell sky130_fd_pr__nfet_01v8 are black boxes.
Warning: Equate pins:  cell sky130_fd_pr__nfet_01v8 is a placeholder, treated as a black box.
Warning: Equate pins:  cell sky130_fd_pr__nfet_01v8 is a placeholder, treated as a black box.

Subcircuit pins:
Circuit 1: sky130_fd_pr__nfet_01v8         |Circuit 2: sky130_fd_pr__nfet_01v8         
-------------------------------------------|-------------------------------------------
1                                          |1                                          
2                                          |2                                          
3                                          |3                                          
4                                          |4                                          
---------------------------------------------------------------------------------------
Cell pin lists are equivalent.
Device classes sky130_fd_pr__nfet_01v8 and sky130_fd_pr__nfet_01v8 are equivalent.

Circuit 1 cell sky130_fd_pr__nfet_g5v0d10v5 and Circuit 2 cell sky130_fd_pr__nfet_g5v0d10v5 are black boxes.
Warning: Equate pins:  cell sky130_fd_pr__nfet_g5v0d10v5 is a placeholder, treated as a black box.
Warning: Equate pins:  cell sky130_fd_pr__nfet_g5v0d10v5 is a placeholder, treated as a black box.

Subcircuit pins:
Circuit 1: sky130_fd_pr__nfet_g5v0d10v5    |Circuit 2: sky130_fd_pr__nfet_g5v0d10v5    
-------------------------------------------|-------------------------------------------
1                                          |1                                          
2                                          |2                                          
3                                          |3                                          
4                                          |4                                          
---------------------------------------------------------------------------------------
Cell pin lists are equivalent.
Device classes sky130_fd_pr__nfet_g5v0d10v5 and sky130_fd_pr__nfet_g5v0d10v5 are equivalent.
Flattening unmatched subcell lvsf_pcell in circuit lvsf (0)(1 instance)
Flattening unmatched subcell sky130_fd_pr__pfet_g5v0d10v5_6763AW in circuit lvsf (0)(2 instances)
Flattening unmatched subcell sky130_fd_pr__pfet_g5v0d10v5_LZK9AY in circuit lvsf (0)(1 instance)
Flattening unmatched subcell lvsf_ncell_l in circuit lvsf (0)(1 instance)
Flattening unmatched subcell sky130_fd_pr__nfet_01v8_AT5T57 in circuit lvsf (0)(2 instances)
Flattening unmatched subcell lvsf_ncell_h in circuit lvsf (0)(1 instance)
Flattening unmatched subcell sky130_fd_pr__nfet_g5v0d10v5_4L2TME in circuit lvsf (0)(1 instance)
Flattening unmatched subcell sky130_fd_pr__nfet_g5v0d10v5_4L29ME in circuit lvsf (0)(1 instance)

Subcircuit summary:
Circuit 1: lvsf                            |Circuit 2: lvsf                            
-------------------------------------------|-------------------------------------------
sky130_fd_pr__pfet_g5v0d10v5 (4)           |sky130_fd_pr__pfet_g5v0d10v5 (4)           
sky130_fd_pr__nfet_01v8 (2)                |sky130_fd_pr__nfet_01v8 (2)                
sky130_fd_pr__nfet_g5v0d10v5 (2)           |sky130_fd_pr__nfet_g5v0d10v5 (2)           
Number of devices: 8                       |Number of devices: 8                       
Number of nets: 12                         |Number of nets: 12                         
---------------------------------------------------------------------------------------
Resolving symmetries by property value.
Resolving symmetries by pin name.
Netlists match uniquely.

Subcircuit pins:
Circuit 1: lvsf                            |Circuit 2: lvsf                            
-------------------------------------------|-------------------------------------------
INB                                        |INB                                        
IN                                         |IN                                         
VDDH                                       |VDDH                                       
GND                                        |GND                                        
OUTP                                       |OUTP                                       
VPBIAS                                     |VPBIAS                                     
VNBIAS                                     |VNBIAS                                     
---------------------------------------------------------------------------------------
Cell pin lists are equivalent.
Device classes lvsf and lvsf are equivalent.

Final result: Circuits match uniquely.
.
