
Circuit 2 cell sky130_fd_sc_hvl__nand2_1 is a black box; will not flatten Circuit 1
Warning: Equate pins:  cell sky130_fd_sc_hvl__nand2_1 is a placeholder, treated as a black box.

Subcircuit pins:
Circuit 1: sky130_fd_sc_hvl__nand2_1       |Circuit 2: sky130_fd_sc_hvl__nand2_1       
-------------------------------------------|-------------------------------------------
(no matching pin)                          |1                                          
(no matching pin)                          |2                                          
(no matching pin)                          |3                                          
(no matching pin)                          |4                                          
(no matching pin)                          |5                                          
(no matching pin)                          |6                                          
(no matching pin)                          |7                                          
---------------------------------------------------------------------------------------
Cell pin lists are equivalent.
Device classes sky130_fd_sc_hvl__nand2_1 and sky130_fd_sc_hvl__nand2_1 are equivalent.

Subcircuit summary:
Circuit 1: nand_hvl                        |Circuit 2: nand_hvl                        
-------------------------------------------|-------------------------------------------
sky130_fd_sc_hvl__nand2_1 (1)              |sky130_fd_sc_hvl__nand2_1 (1)              
Number of devices: 1                       |Number of devices: 1                       
Number of nets: 12                         |Number of nets: 12                         
---------------------------------------------------------------------------------------
NET mismatches: Class fragments follow (with fanout counts):
Circuit 1: nand_hvl                        |Circuit 2: nand_hvl                        

---------------------------------------------------------------------------------------
Net: dummy_12                              |Net: dummy_12                              
  sky130_fd_sc_hvl__nand2_1/proxy7 = 1     |  sky130_fd_sc_hvl__nand2_1/proxya_0_n17#  
                                           |                                           
Net: dummy_11                              |Net: dummy_11                              
  sky130_fd_sc_hvl__nand2_1/proxy6 = 1     |  sky130_fd_sc_hvl__nand2_1/proxya_76_443# 
                                           |                                           
Net: dummy_10                              |Net: dummy_10                              
  sky130_fd_sc_hvl__nand2_1/proxy5 = 1     |  sky130_fd_sc_hvl__nand2_1/proxya_133_85# 
                                           |                                           
Net: dummy_9                               |Net: dummy_9                               
  sky130_fd_sc_hvl__nand2_1/proxy4 = 1     |  sky130_fd_sc_hvl__nand2_1/proxya_275_85# 
                                           |                                           
Net: dummy_8                               |Net: dummy_8                               
  sky130_fd_sc_hvl__nand2_1/proxy3 = 1     |  sky130_fd_sc_hvl__nand2_1/proxya_233_443 
                                           |                                           
Net: dummy_7                               |Net: dummy_7                               
  sky130_fd_sc_hvl__nand2_1/proxy2 = 1     |  sky130_fd_sc_hvl__nand2_1/proxyw_n66_377 
                                           |                                           
Net: dummy_6                               |Net: dummy_6                               
  sky130_fd_sc_hvl__nand2_1/proxy1 = 1     |  sky130_fd_sc_hvl__nand2_1/proxya_76_111# 
                                           |                                           
Net: X                                     |Net: X                                     
  sky130_fd_sc_hvl__nand2_1/a_233_443# = 1 |  sky130_fd_sc_hvl__nand2_1/7 = 1          
                                           |                                           
Net: B                                     |Net: B                                     
  sky130_fd_sc_hvl__nand2_1/a_133_85# = 1  |  sky130_fd_sc_hvl__nand2_1/2 = 1          
                                           |                                           
Net: A                                     |Net: A                                     
  sky130_fd_sc_hvl__nand2_1/a_275_85# = 1  |  sky130_fd_sc_hvl__nand2_1/1 = 1          
---------------------------------------------------------------------------------------

---------------------------------------------------------------------------------------
Net: VDDH                                  |Net: VDDH                                  
  sky130_fd_sc_hvl__nand2_1/w_n66_377# = 1 |  sky130_fd_sc_hvl__nand2_1/5 = 1          
  sky130_fd_sc_hvl__nand2_1/a_76_443# = 1  |  sky130_fd_sc_hvl__nand2_1/6 = 1          
                                           |                                           
Net: GND                                   |Net: GND                                   
  sky130_fd_sc_hvl__nand2_1/a_76_111# = 1  |  sky130_fd_sc_hvl__nand2_1/3 = 1          
  sky130_fd_sc_hvl__nand2_1/a_0_n17# = 1   |  sky130_fd_sc_hvl__nand2_1/4 = 1          
---------------------------------------------------------------------------------------
DEVICE mismatches: Class fragments follow (with node fanout counts):
Circuit 1: nand_hvl                        |Circuit 2: nand_hvl                        

---------------------------------------------------------------------------------------
Instance: sky130_fd_sc_hvl__nand2_1:x1     |Instance: sky130_fd_sc_hvl__nand2_1:1      
  a_76_111# = 2                            |  proxya_76_111# = 1                       
  w_n66_377# = 2                           |  proxyw_n66_377# = 1                      
  a_233_443# = 1                           |  proxya_233_443# = 1                      
  a_275_85# = 1                            |  proxya_275_85# = 1                       
  a_133_85# = 1                            |  proxya_133_85# = 1                       
  a_76_443# = 2                            |  proxya_76_443# = 1                       
  a_0_n17# = 2                             |  proxya_0_n17# = 1                        
  proxy1 = 1                               |  1 = 1                                    
  proxy2 = 1                               |  2 = 1                                    
  proxy3 = 1                               |  3 = 2                                    
  proxy4 = 1                               |  4 = 2                                    
  proxy5 = 1                               |  5 = 2                                    
  proxy6 = 1                               |  6 = 2                                    
  proxy7 = 1                               |  7 = 1                                    
---------------------------------------------------------------------------------------
Netlists do not match.
Port matching may fail to disambiguate symmetries.

Subcircuit pins:
Circuit 1: nand_hvl                        |Circuit 2: nand_hvl                        
-------------------------------------------|-------------------------------------------
B                                          |X **Mismatch**                             
A                                          |B **Mismatch**                             
X                                          |A **Mismatch**                             
VDDH                                       |VDDH                                       
GND                                        |GND                                        
---------------------------------------------------------------------------------------
Cell pin lists for nand_hvl and nand_hvl altered to match.
Device classes nand_hvl and nand_hvl are equivalent.

Final result: Top level cell failed pin matching.
