
Circuit 1 cell sky130_fd_pr__nfet_g5v0d10v5 and Circuit 2 cell sky130_fd_pr__nfet_g5v0d10v5 are black boxes.
Warning: Equate pins:  cell sky130_fd_pr__nfet_g5v0d10v5 is a placeholder, treated as a black box.
Warning: Equate pins:  cell sky130_fd_pr__nfet_g5v0d10v5 is a placeholder, treated as a black box.

Subcircuit pins:
Circuit 1: sky130_fd_pr__nfet_g5v0d10v5    |Circuit 2: sky130_fd_pr__nfet_g5v0d10v5    
-------------------------------------------|-------------------------------------------
1                                          |1                                          
2                                          |2                                          
3                                          |3                                          
4                                          |4                                          
---------------------------------------------------------------------------------------
Cell pin lists are equivalent.
Device classes sky130_fd_pr__nfet_g5v0d10v5 and sky130_fd_pr__nfet_g5v0d10v5 are equivalent.
Flattening unmatched subcell hnmos_2 in circuit nswitch_2 (0)(1 instance)
Flattening unmatched subcell hnmos_1 in circuit nswitch_2 (0)(2 instances)
Flattening unmatched subcell sky130_fd_pr__nfet_g5v0d10v5_NQHLCX in circuit nswitch_2 (0)(2 instances)

Subcircuit summary:
Circuit 1: nswitch_2                       |Circuit 2: nswitch_2                       
-------------------------------------------|-------------------------------------------
sky130_fd_pr__nfet_g5v0d10v5 (2)           |sky130_fd_pr__nfet_g5v0d10v5 (2)           
Number of devices: 2                       |Number of devices: 2                       
Number of nets: 6                          |Number of nets: 6                          
---------------------------------------------------------------------------------------
Resolving symmetries by property value.
Resolving symmetries by pin name.
Netlists match uniquely with property errors.
hnmos_2_0//hnmos_1_0//sky130_fd_pr__nfet_g5v0d10v5_NQHLCX_0/sky130_fd_pr__nfet_g5v0d10v5:0 vs. sky130_fd_pr__nfet_g5v0d10v5:M1:
 l circuit1: 0.5   "l"  (property type mismatch)
 w circuit1: 0.42   "wn"  (property type mismatch)
hnmos_2_0//hnmos_1_1//sky130_fd_pr__nfet_g5v0d10v5_NQHLCX_0/sky130_fd_pr__nfet_g5v0d10v5:0 vs. sky130_fd_pr__nfet_g5v0d10v5:M2:
 l circuit1: 0.5   "l"  (property type mismatch)
 w circuit1: 0.42   "wn"  (property type mismatch)

Subcircuit pins:
Circuit 1: nswitch_2                       |Circuit 2: nswitch_2                       
-------------------------------------------|-------------------------------------------
VL                                         |VL                                         
vin[0]                                     |vin[0]                                     
vin[1]                                     |vin[1]                                     
VH                                         |VH                                         
DIN                                        |DIN                                        
VNB                                        |VNB                                        
---------------------------------------------------------------------------------------
Cell pin lists are equivalent.
Device classes nswitch_2 and nswitch_2 are equivalent.

Final result: Circuits match uniquely.
Property errors were found.

The following cells had property errors:
 nswitch_2
