Netgen 1.5.292 compiled on Thu Mar  6 15:36:50 +07 2025
Warning: netgen command 'format' use fully-qualified name '::netgen::format'
Warning: netgen command 'global' use fully-qualified name '::netgen::global'
Reading netlist file /home/yohanes/10-bit-DAC/lvs/top_rseg_n_dcell.ext.spc
Call to undefined subcircuit sky130_fd_pr__res_xhigh_po_1p41
Creating placeholder cell definition.
Call to undefined subcircuit sky130_fd_pr__pfet_g5v0d10v5
Creating placeholder cell definition.
Call to undefined subcircuit sky130_fd_pr__nfet_g5v0d10v5
Creating placeholder cell definition.
Call to undefined subcircuit sky130_fd_pr__nfet_01v8
Creating placeholder cell definition.
Call to undefined subcircuit sky130_fd_pr__pfet_01v8_hvt
Creating placeholder cell definition.
Reading netlist file /home/yohanes/10-bit-DAC/lvs/top_rseg_n_dcell.sch.spc
Call to undefined subcircuit sky130_fd_pr__pfet_g5v0d10v5
Creating placeholder cell definition.
Call to undefined subcircuit sky130_fd_pr__nfet_g5v0d10v5
Creating placeholder cell definition.
Call to undefined subcircuit sky130_fd_pr__nfet_01v8
Creating placeholder cell definition.
Call to undefined subcircuit sky130_fd_pr__pfet_01v8_hvt
Creating placeholder cell definition.
Call to undefined subcircuit sky130_fd_pr__nfet_05v0_nvt
Creating placeholder cell definition.
Call to undefined subcircuit sky130_fd_pr__res_generic_nd__hv
Creating placeholder cell definition.
Call to undefined subcircuit sky130_fd_pr__res_generic_pd__hv
Creating placeholder cell definition.
Call to undefined subcircuit sky130_fd_sc_hd__nand2_2
Creating placeholder cell definition.
Call to undefined subcircuit sky130_fd_sc_hd__nor2_2
Creating placeholder cell definition.
Call to undefined subcircuit top_digital
Creating placeholder cell definition.
Call to undefined subcircuit top_segment_1
Creating placeholder cell definition.
Call to undefined subcircuit top_segment_2
Creating placeholder cell definition.
Call to undefined subcircuit top_segment_3
Creating placeholder cell definition.
Call to undefined subcircuit top_segment_4
Creating placeholder cell definition.
Call to undefined subcircuit bias_lvsf
Creating placeholder cell definition.
Call to undefined subcircuit seg_selector_logic
Creating placeholder cell definition.
Call to undefined subcircuit lvsf
Creating placeholder cell definition.
Call to undefined subcircuit decoder_2to4
Creating placeholder cell definition.
Call to undefined subcircuit inv_hvl_4o
Creating placeholder cell definition.
Call to undefined subcircuit lvsf_1buff
Creating placeholder cell definition.
Call to undefined subcircuit buffer_bus
Creating placeholder cell definition.
Call to undefined subcircuit logic_shift_seg2
Creating placeholder cell definition.
Call to undefined subcircuit vselector_6b_1v_stage_1
Creating placeholder cell definition.
Call to undefined subcircuit switch_nmos_1g_8o
Creating placeholder cell definition.
Call to undefined subcircuit switch_nmos_1g_4o
Creating placeholder cell definition.
Call to undefined subcircuit switch_nmos_1g_2o
Creating placeholder cell definition.
Call to undefined subcircuit switch_nmos_2g_2o
Creating placeholder cell definition.
Call to undefined subcircuit rseg_1_v3
Creating placeholder cell definition.
Call to undefined subcircuit vselector_6b_2v_stage_1
Creating placeholder cell definition.
Call to undefined subcircuit vselector_6b_2v_stage_2
Creating placeholder cell definition.
Call to undefined subcircuit vselector_6b_2v_stage_3
Creating placeholder cell definition.
Call to undefined subcircuit rseg_2_v3
Creating placeholder cell definition.
Call to undefined subcircuit switch_pmos_1g_9o
Creating placeholder cell definition.
Call to undefined subcircuit switch_pmos_1g_5o
Creating placeholder cell definition.
Call to undefined subcircuit switch_pmos_1g_3o
Creating placeholder cell definition.
Call to undefined subcircuit switch_pmos_1g_2o
Creating placeholder cell definition.
Call to undefined subcircuit rseg_3_v3
Creating placeholder cell definition.
Call to undefined subcircuit vselector_6b_1v_stage_1_pmos
Creating placeholder cell definition.
Call to undefined subcircuit switch_pmos_1g_8o
Creating placeholder cell definition.
Call to undefined subcircuit switch_pmos_1g_4o
Creating placeholder cell definition.
Call to undefined subcircuit switch_pmos_2g_1o
Creating placeholder cell definition.
Call to undefined subcircuit rseg_4_v3
Creating placeholder cell definition.
Call to undefined subcircuit seg_selector_1_logic
Creating placeholder cell definition.
Call to undefined subcircuit seg_selector_2_logic
Creating placeholder cell definition.
Call to undefined subcircuit seg_selector_3_logic
Creating placeholder cell definition.
Call to undefined subcircuit seg_selector_4_logic
Creating placeholder cell definition.
Call to undefined subcircuit pull_up_down_network
Creating placeholder cell definition.
Call to undefined subcircuit vselector_16b_1v
Creating placeholder cell definition.
Call to undefined subcircuit vselector_16b
Creating placeholder cell definition.
Call to undefined subcircuit vselector_4b
Creating placeholder cell definition.
Call to undefined subcircuit vselector_1b
Creating placeholder cell definition.
Call to undefined subcircuit vselector_16b_1v_pmos
Creating placeholder cell definition.

Reading setup file /home/yohanes/pdk/sky130A/libs.tech/netgen/sky130A_setup.tcl

Model sky130_fd_pr__res_xhigh_po_1p41 pin 1 == 2
No property w found for device sky130_fd_pr__res_xhigh_po_1p41
No property w found for device sky130_fd_pr__res_xhigh_po_1p41
No property value found for device sky130_fd_pr__res_xhigh_po_1p41
No property w found for device sky130_fd_pr__res_xhigh_po_1p41
No property mult found for device sky130_fd_pr__res_xhigh_po_1p41
Model sky130_fd_pr__res_generic_nd__hv pin 1 == 2
No property value found for device sky130_fd_pr__res_generic_nd__hv
No property mult found for device sky130_fd_pr__res_generic_nd__hv
Model sky130_fd_pr__res_generic_pd__hv pin 1 == 2
No property value found for device sky130_fd_pr__res_generic_pd__hv
No property mult found for device sky130_fd_pr__res_generic_pd__hv
Model sky130_fd_pr__res_generic_po pin end_a == end_b
No property mult found for device sky130_fd_pr__res_generic_po
Model sky130_fd_pr__nfet_01v8 pin 1 == 3
No property mult found for device sky130_fd_pr__nfet_01v8
No property sa found for device sky130_fd_pr__nfet_01v8
No property sb found for device sky130_fd_pr__nfet_01v8
No property sd found for device sky130_fd_pr__nfet_01v8
No property nf found for device sky130_fd_pr__nfet_01v8
No property nrd found for device sky130_fd_pr__nfet_01v8
No property nrs found for device sky130_fd_pr__nfet_01v8
No property area found for device sky130_fd_pr__nfet_01v8
No property perim found for device sky130_fd_pr__nfet_01v8
No property topography found for device sky130_fd_pr__nfet_01v8
Model sky130_fd_pr__nfet_01v8 pin 1 == 3
No property as found for device sky130_fd_pr__nfet_01v8
No property ad found for device sky130_fd_pr__nfet_01v8
No property ps found for device sky130_fd_pr__nfet_01v8
No property pd found for device sky130_fd_pr__nfet_01v8
No property mult found for device sky130_fd_pr__nfet_01v8
No property sa found for device sky130_fd_pr__nfet_01v8
No property sb found for device sky130_fd_pr__nfet_01v8
No property sd found for device sky130_fd_pr__nfet_01v8
No property nrd found for device sky130_fd_pr__nfet_01v8
No property nrs found for device sky130_fd_pr__nfet_01v8
No property area found for device sky130_fd_pr__nfet_01v8
No property perim found for device sky130_fd_pr__nfet_01v8
No property topography found for device sky130_fd_pr__nfet_01v8
Model sky130_fd_pr__nfet_g5v0d10v5 pin 1 == 3
No property mult found for device sky130_fd_pr__nfet_g5v0d10v5
No property sa found for device sky130_fd_pr__nfet_g5v0d10v5
No property sb found for device sky130_fd_pr__nfet_g5v0d10v5
No property sd found for device sky130_fd_pr__nfet_g5v0d10v5
No property nf found for device sky130_fd_pr__nfet_g5v0d10v5
No property nrd found for device sky130_fd_pr__nfet_g5v0d10v5
No property nrs found for device sky130_fd_pr__nfet_g5v0d10v5
No property area found for device sky130_fd_pr__nfet_g5v0d10v5
No property perim found for device sky130_fd_pr__nfet_g5v0d10v5
No property topography found for device sky130_fd_pr__nfet_g5v0d10v5
Model sky130_fd_pr__nfet_g5v0d10v5 pin 1 == 3
No property as found for device sky130_fd_pr__nfet_g5v0d10v5
No property ad found for device sky130_fd_pr__nfet_g5v0d10v5
No property ps found for device sky130_fd_pr__nfet_g5v0d10v5
No property pd found for device sky130_fd_pr__nfet_g5v0d10v5
No property mult found for device sky130_fd_pr__nfet_g5v0d10v5
No property sa found for device sky130_fd_pr__nfet_g5v0d10v5
No property sb found for device sky130_fd_pr__nfet_g5v0d10v5
No property sd found for device sky130_fd_pr__nfet_g5v0d10v5
No property nrd found for device sky130_fd_pr__nfet_g5v0d10v5
No property nrs found for device sky130_fd_pr__nfet_g5v0d10v5
No property area found for device sky130_fd_pr__nfet_g5v0d10v5
No property perim found for device sky130_fd_pr__nfet_g5v0d10v5
No property topography found for device sky130_fd_pr__nfet_g5v0d10v5
Model sky130_fd_pr__nfet_05v0_nvt pin 1 == 3
No property as found for device sky130_fd_pr__nfet_05v0_nvt
No property ad found for device sky130_fd_pr__nfet_05v0_nvt
No property ps found for device sky130_fd_pr__nfet_05v0_nvt
No property pd found for device sky130_fd_pr__nfet_05v0_nvt
No property mult found for device sky130_fd_pr__nfet_05v0_nvt
No property sa found for device sky130_fd_pr__nfet_05v0_nvt
No property sb found for device sky130_fd_pr__nfet_05v0_nvt
No property sd found for device sky130_fd_pr__nfet_05v0_nvt
No property nf found for device sky130_fd_pr__nfet_05v0_nvt
No property nrd found for device sky130_fd_pr__nfet_05v0_nvt
No property nrs found for device sky130_fd_pr__nfet_05v0_nvt
No property area found for device sky130_fd_pr__nfet_05v0_nvt
No property perim found for device sky130_fd_pr__nfet_05v0_nvt
No property topography found for device sky130_fd_pr__nfet_05v0_nvt
Model sky130_fd_pr__pfet_01v8_hvt pin 1 == 3
No property mult found for device sky130_fd_pr__pfet_01v8_hvt
No property sa found for device sky130_fd_pr__pfet_01v8_hvt
No property sb found for device sky130_fd_pr__pfet_01v8_hvt
No property sd found for device sky130_fd_pr__pfet_01v8_hvt
No property nf found for device sky130_fd_pr__pfet_01v8_hvt
No property nrd found for device sky130_fd_pr__pfet_01v8_hvt
No property nrs found for device sky130_fd_pr__pfet_01v8_hvt
No property area found for device sky130_fd_pr__pfet_01v8_hvt
No property perim found for device sky130_fd_pr__pfet_01v8_hvt
No property topography found for device sky130_fd_pr__pfet_01v8_hvt
Model sky130_fd_pr__pfet_01v8_hvt pin 1 == 3
No property as found for device sky130_fd_pr__pfet_01v8_hvt
No property ad found for device sky130_fd_pr__pfet_01v8_hvt
No property ps found for device sky130_fd_pr__pfet_01v8_hvt
No property pd found for device sky130_fd_pr__pfet_01v8_hvt
No property mult found for device sky130_fd_pr__pfet_01v8_hvt
No property sa found for device sky130_fd_pr__pfet_01v8_hvt
No property sb found for device sky130_fd_pr__pfet_01v8_hvt
No property sd found for device sky130_fd_pr__pfet_01v8_hvt
No property nf found for device sky130_fd_pr__pfet_01v8_hvt
No property nrd found for device sky130_fd_pr__pfet_01v8_hvt
No property nrs found for device sky130_fd_pr__pfet_01v8_hvt
No property area found for device sky130_fd_pr__pfet_01v8_hvt
No property perim found for device sky130_fd_pr__pfet_01v8_hvt
No property topography found for device sky130_fd_pr__pfet_01v8_hvt
Model sky130_fd_pr__pfet_g5v0d10v5 pin 1 == 3
No property mult found for device sky130_fd_pr__pfet_g5v0d10v5
No property sa found for device sky130_fd_pr__pfet_g5v0d10v5
No property sb found for device sky130_fd_pr__pfet_g5v0d10v5
No property sd found for device sky130_fd_pr__pfet_g5v0d10v5
No property nf found for device sky130_fd_pr__pfet_g5v0d10v5
No property nrd found for device sky130_fd_pr__pfet_g5v0d10v5
No property nrs found for device sky130_fd_pr__pfet_g5v0d10v5
No property area found for device sky130_fd_pr__pfet_g5v0d10v5
No property perim found for device sky130_fd_pr__pfet_g5v0d10v5
No property topography found for device sky130_fd_pr__pfet_g5v0d10v5
Model sky130_fd_pr__pfet_g5v0d10v5 pin 1 == 3
No property as found for device sky130_fd_pr__pfet_g5v0d10v5
No property ad found for device sky130_fd_pr__pfet_g5v0d10v5
No property ps found for device sky130_fd_pr__pfet_g5v0d10v5
No property pd found for device sky130_fd_pr__pfet_g5v0d10v5
No property mult found for device sky130_fd_pr__pfet_g5v0d10v5
No property sa found for device sky130_fd_pr__pfet_g5v0d10v5
No property sb found for device sky130_fd_pr__pfet_g5v0d10v5
No property sd found for device sky130_fd_pr__pfet_g5v0d10v5
No property nrd found for device sky130_fd_pr__pfet_g5v0d10v5
No property nrs found for device sky130_fd_pr__pfet_g5v0d10v5
No property area found for device sky130_fd_pr__pfet_g5v0d10v5
No property perim found for device sky130_fd_pr__pfet_g5v0d10v5
No property topography found for device sky130_fd_pr__pfet_g5v0d10v5
No property value found for device sky130_fd_pr__diode_pw2nd_05v5
No property mult found for device sky130_fd_pr__diode_pw2nd_05v5
No property perim found for device sky130_fd_pr__diode_pw2nd_05v5
No property value found for device sky130_fd_pr__diode_pw2nd_11v0
No property mult found for device sky130_fd_pr__diode_pw2nd_11v0
No property perim found for device sky130_fd_pr__diode_pw2nd_11v0
Comparison output logged to file /home/yohanes/10-bit-DAC/lvs/top_rseg_n_dcell.lvs.out
Logging to file "/home/yohanes/10-bit-DAC/lvs/top_rseg_n_dcell.lvs.out" enabled
Circuit sky130_fd_pr__pfet_g5v0d10v5 contains no devices.
Circuit sky130_fd_pr__nfet_g5v0d10v5 contains no devices.
Circuit sky130_fd_pr__nfet_01v8 contains no devices.
Circuit sky130_fd_pr__pfet_01v8_hvt contains no devices.

Contents of circuit 1:  Circuit: 'sky130_fd_sc_hd__nand2_1'
Circuit sky130_fd_sc_hd__nand2_1 contains 4 device instances.
  Class: sky130_fd_pr__nfet_01v8 instances:   2
  Class: sky130_fd_pr__pfet_01v8_hvt instances:   2
Circuit contains 8 nets.
Contents of circuit 2:  Circuit: 'sky130_fd_sc_hd__nand2_1'
Circuit sky130_fd_sc_hd__nand2_1 contains 4 device instances.
  Class: sky130_fd_pr__nfet_01v8 instances:   2
  Class: sky130_fd_pr__pfet_01v8_hvt instances:   2
Circuit contains 8 nets.

Circuit 1 contains 4 devices, Circuit 2 contains 4 devices.
Circuit 1 contains 8 nets,    Circuit 2 contains 8 nets.


Contents of circuit 1:  Circuit: 'sky130_fd_sc_hvl__inv_1'
Circuit sky130_fd_sc_hvl__inv_1 contains 2 device instances.
  Class: sky130_fd_pr__nfet_g5v0d10v5 instances:   1
  Class: sky130_fd_pr__pfet_g5v0d10v5 instances:   1
Circuit contains 6 nets.
Contents of circuit 2:  Circuit: 'sky130_fd_sc_hvl__inv_1'
Circuit sky130_fd_sc_hvl__inv_1 contains 2 device instances.
  Class: sky130_fd_pr__nfet_g5v0d10v5 instances:   1
  Class: sky130_fd_pr__pfet_g5v0d10v5 instances:   1
Circuit contains 6 nets.

Circuit 1 contains 2 devices, Circuit 2 contains 2 devices.
Circuit 1 contains 6 nets,    Circuit 2 contains 6 nets.


Contents of circuit 1:  Circuit: 'sky130_fd_sc_hd__nor2_1'
Circuit sky130_fd_sc_hd__nor2_1 contains 4 device instances.
  Class: sky130_fd_pr__nfet_01v8 instances:   2
  Class: sky130_fd_pr__pfet_01v8_hvt instances:   2
Circuit contains 8 nets.
Contents of circuit 2:  Circuit: 'sky130_fd_sc_hd__nor2_1'
Circuit sky130_fd_sc_hd__nor2_1 contains 4 device instances.
  Class: sky130_fd_pr__nfet_01v8 instances:   2
  Class: sky130_fd_pr__pfet_01v8_hvt instances:   2
Circuit contains 8 nets.

Circuit 1 contains 4 devices, Circuit 2 contains 4 devices.
Circuit 1 contains 8 nets,    Circuit 2 contains 8 nets.


Contents of circuit 1:  Circuit: 'sky130_fd_sc_hd__nand4_1'
Circuit sky130_fd_sc_hd__nand4_1 contains 8 device instances.
  Class: sky130_fd_pr__nfet_01v8 instances:   4
  Class: sky130_fd_pr__pfet_01v8_hvt instances:   4
Circuit contains 12 nets.
Contents of circuit 2:  Circuit: 'sky130_fd_sc_hd__nand4_1'
Circuit sky130_fd_sc_hd__nand4_1 contains 8 device instances.
  Class: sky130_fd_pr__nfet_01v8 instances:   4
  Class: sky130_fd_pr__pfet_01v8_hvt instances:   4
Circuit contains 12 nets.

Circuit 1 contains 8 devices, Circuit 2 contains 8 devices.
Circuit 1 contains 12 nets,    Circuit 2 contains 12 nets.


Contents of circuit 1:  Circuit: 'sky130_fd_sc_hd__nand3_1'
Circuit sky130_fd_sc_hd__nand3_1 contains 6 device instances.
  Class: sky130_fd_pr__nfet_01v8 instances:   3
  Class: sky130_fd_pr__pfet_01v8_hvt instances:   3
Circuit contains 10 nets.
Contents of circuit 2:  Circuit: 'sky130_fd_sc_hd__nand3_1'
Circuit sky130_fd_sc_hd__nand3_1 contains 6 device instances.
  Class: sky130_fd_pr__nfet_01v8 instances:   3
  Class: sky130_fd_pr__pfet_01v8_hvt instances:   3
Circuit contains 10 nets.

Circuit 1 contains 6 devices, Circuit 2 contains 6 devices.
Circuit 1 contains 10 nets,    Circuit 2 contains 10 nets.


Contents of circuit 1:  Circuit: 'lvsf'
Circuit lvsf contains 8 device instances.
  Class: sky130_fd_pr__nfet_01v8 instances:   2
  Class: sky130_fd_pr__nfet_g5v0d10v5 instances:   2
  Class: sky130_fd_pr__pfet_g5v0d10v5 instances:   4
Circuit contains 12 nets.
Contents of circuit 2:  Circuit: 'lvsf'
Circuit lvsf contains 8 device instances.
  Class: sky130_fd_pr__nfet_01v8 instances:   2
  Class: sky130_fd_pr__nfet_g5v0d10v5 instances:   2
  Class: sky130_fd_pr__pfet_g5v0d10v5 instances:   4
Circuit contains 12 nets.

Circuit 1 contains 8 devices, Circuit 2 contains 8 devices.
Circuit 1 contains 12 nets,    Circuit 2 contains 12 nets.


Contents of circuit 1:  Circuit: 'sky130_fd_sc_hd__inv_2'
Circuit sky130_fd_sc_hd__inv_2 contains 4 device instances.
  Class: sky130_fd_pr__nfet_01v8 instances:   2
  Class: sky130_fd_pr__pfet_01v8_hvt instances:   2
Circuit contains 6 nets.
Contents of circuit 2:  Circuit: 'sky130_fd_sc_hd__inv_2'
Circuit sky130_fd_sc_hd__inv_2 contains 4 device instances.
  Class: sky130_fd_pr__nfet_01v8 instances:   2
  Class: sky130_fd_pr__pfet_01v8_hvt instances:   2
Circuit contains 6 nets.

Circuit was modified by parallel/series device merging.
New circuit summary:

Contents of circuit 1:  Circuit: 'sky130_fd_sc_hd__inv_2'
Circuit sky130_fd_sc_hd__inv_2 contains 2 device instances.
  Class: sky130_fd_pr__nfet_01v8 instances:   1
  Class: sky130_fd_pr__pfet_01v8_hvt instances:   1
Circuit contains 6 nets.
Contents of circuit 2:  Circuit: 'sky130_fd_sc_hd__inv_2'
Circuit sky130_fd_sc_hd__inv_2 contains 2 device instances.
  Class: sky130_fd_pr__nfet_01v8 instances:   1
  Class: sky130_fd_pr__pfet_01v8_hvt instances:   1
Circuit contains 6 nets.

Circuit 1 contains 2 devices, Circuit 2 contains 2 devices.
Circuit 1 contains 6 nets,    Circuit 2 contains 6 nets.


Contents of circuit 1:  Circuit: 'decoder_2to4'
Circuit decoder_2to4 contains 28 device instances.
  Class: sky130_fd_pr__nfet_01v8 instances:   4
  Class: sky130_fd_sc_hd__nand2_1 instances:   4
  Class: sky130_fd_pr__nfet_g5v0d10v5 instances:   4
  Class: sky130_fd_pr__pfet_g5v0d10v5 instances:  16
Circuit contains 33 nets.
Contents of circuit 2:  Circuit: 'decoder_2to4'
Circuit decoder_2to4 contains 28 device instances.
  Class: sky130_fd_pr__nfet_01v8 instances:   4
  Class: sky130_fd_sc_hd__nand2_1 instances:   4
  Class: sky130_fd_pr__nfet_g5v0d10v5 instances:   4
  Class: sky130_fd_pr__pfet_g5v0d10v5 instances:  16
Circuit contains 33 nets.

Circuit 1 contains 28 devices, Circuit 2 contains 28 devices.
Circuit 1 contains 33 nets,    Circuit 2 contains 33 nets.


Contents of circuit 1:  Circuit: 'sky130_fd_sc_hd__inv_1'
Circuit sky130_fd_sc_hd__inv_1 contains 2 device instances.
  Class: sky130_fd_pr__nfet_01v8 instances:   1
  Class: sky130_fd_pr__pfet_01v8_hvt instances:   1
Circuit contains 6 nets.
Contents of circuit 2:  Circuit: 'sky130_fd_sc_hd__inv_1'
Circuit sky130_fd_sc_hd__inv_1 contains 2 device instances.
  Class: sky130_fd_pr__nfet_01v8 instances:   1
  Class: sky130_fd_pr__pfet_01v8_hvt instances:   1
Circuit contains 6 nets.

Circuit 1 contains 2 devices, Circuit 2 contains 2 devices.
Circuit 1 contains 6 nets,    Circuit 2 contains 6 nets.


Contents of circuit 1:  Circuit: 'seg_selector_1_logic'
Circuit seg_selector_1_logic contains 3 device instances.
  Class: sky130_fd_sc_hd__nand2_1 instances:   2
  Class: sky130_fd_sc_hd__nor2_1 instances:   1
Circuit contains 13 nets.
Contents of circuit 2:  Circuit: 'seg_selector_1_logic'
Circuit seg_selector_1_logic contains 3 device instances.
  Class: sky130_fd_sc_hd__nand2_1 instances:   2
  Class: sky130_fd_sc_hd__nor2_1 instances:   1
Circuit contains 9 nets.

Circuit 1 contains 3 devices, Circuit 2 contains 3 devices.
Circuit 1 contains 13 nets,    Circuit 2 contains 9 nets. *** MISMATCH ***

  Flattening non-matched subcircuits seg_selector_1_logic seg_selector_1_logic

Flattening instances of seg_selector_1_logic in file /home/yohanes/10-bit-DAC/lvs/top_rseg_n_dcell.ext.spc
Flattening instances of seg_selector_1_logic in file /home/yohanes/10-bit-DAC/lvs/top_rseg_n_dcell.sch.spc

Contents of circuit 1:  Circuit: 'seg_selector_2_logic'
Circuit seg_selector_2_logic contains 5 device instances.
  Class: sky130_fd_sc_hd__nand4_1 instances:   1
  Class: sky130_fd_sc_hd__nand3_1 instances:   1
  Class: sky130_fd_sc_hd__nand2_1 instances:   3
Circuit contains 20 nets.
Contents of circuit 2:  Circuit: 'seg_selector_2_logic'
Circuit seg_selector_2_logic contains 5 device instances.
  Class: sky130_fd_sc_hd__nand4_1 instances:   1
  Class: sky130_fd_sc_hd__nand3_1 instances:   1
  Class: sky130_fd_sc_hd__nand2_1 instances:   3
Circuit contains 15 nets.

Circuit 1 contains 5 devices, Circuit 2 contains 5 devices.
Circuit 1 contains 20 nets,    Circuit 2 contains 15 nets. *** MISMATCH ***

  Flattening non-matched subcircuits seg_selector_2_logic seg_selector_2_logic

Flattening instances of seg_selector_2_logic in file /home/yohanes/10-bit-DAC/lvs/top_rseg_n_dcell.ext.spc
Flattening instances of seg_selector_2_logic in file /home/yohanes/10-bit-DAC/lvs/top_rseg_n_dcell.sch.spc

Contents of circuit 1:  Circuit: 'seg_selector_3_logic'
Circuit seg_selector_3_logic contains 3 device instances.
  Class: sky130_fd_sc_hd__nand4_1 instances:   2
  Class: sky130_fd_sc_hd__nand2_1 instances:   1
Circuit contains 15 nets.
Contents of circuit 2:  Circuit: 'seg_selector_3_logic'
Circuit seg_selector_3_logic contains 3 device instances.
  Class: sky130_fd_sc_hd__nand4_1 instances:   2
  Class: sky130_fd_sc_hd__nand2_1 instances:   1
Circuit contains 11 nets.

Circuit 1 contains 3 devices, Circuit 2 contains 3 devices.
Circuit 1 contains 15 nets,    Circuit 2 contains 11 nets. *** MISMATCH ***

  Flattening non-matched subcircuits seg_selector_3_logic seg_selector_3_logic

Flattening instances of seg_selector_3_logic in file /home/yohanes/10-bit-DAC/lvs/top_rseg_n_dcell.ext.spc
Flattening instances of seg_selector_3_logic in file /home/yohanes/10-bit-DAC/lvs/top_rseg_n_dcell.sch.spc

Contents of circuit 1:  Circuit: 'seg_selector_4_logic'
Circuit seg_selector_4_logic contains 3 device instances.
  Class: sky130_fd_sc_hd__nand2_1 instances:   2
  Class: sky130_fd_sc_hd__nor2_1 instances:   1
Circuit contains 13 nets.
Contents of circuit 2:  Circuit: 'seg_selector_4_logic'
Circuit seg_selector_4_logic contains 3 device instances.
  Class: sky130_fd_sc_hd__nand2_1 instances:   2
  Class: sky130_fd_sc_hd__nor2_1 instances:   1
Circuit contains 9 nets.

Circuit 1 contains 3 devices, Circuit 2 contains 3 devices.
Circuit 1 contains 13 nets,    Circuit 2 contains 9 nets. *** MISMATCH ***

  Flattening non-matched subcircuits seg_selector_4_logic seg_selector_4_logic

Flattening instances of seg_selector_4_logic in file /home/yohanes/10-bit-DAC/lvs/top_rseg_n_dcell.ext.spc
Flattening instances of seg_selector_4_logic in file /home/yohanes/10-bit-DAC/lvs/top_rseg_n_dcell.sch.spc

Contents of circuit 1:  Circuit: 'logic_shift_seg2'
Circuit logic_shift_seg2 contains 10 device instances.
  Class: sky130_fd_sc_hd__inv_1 instances:   2
  Class: sky130_fd_sc_hd__nand3_1 instances:   3
  Class: sky130_fd_sc_hd__nand2_1 instances:   5
Circuit contains 19 nets, and 1 disconnected pin.
Contents of circuit 2:  Circuit: 'logic_shift_seg2'
Circuit logic_shift_seg2 contains 10 device instances.
  Class: sky130_fd_sc_hd__inv_1 instances:   2
  Class: sky130_fd_sc_hd__nand3_1 instances:   3
  Class: sky130_fd_sc_hd__nand2_1 instances:   5
Circuit contains 19 nets.

Circuit 1 contains 10 devices, Circuit 2 contains 10 devices.
Circuit 1 contains 19 nets,    Circuit 2 contains 19 nets.


Contents of circuit 1:  Circuit: 'seg_selector_logic'
Circuit seg_selector_logic contains 18 device instances.
  Class: sky130_fd_sc_hd__nand4_1 instances:   3
  Class: sky130_fd_sc_hd__inv_1 instances:   4
  Class: sky130_fd_sc_hd__nand3_1 instances:   1
  Class: sky130_fd_sc_hd__nand2_1 instances:   8
  Class: sky130_fd_sc_hd__nor2_1 instances:   2
Circuit contains 28 nets.
Contents of circuit 2:  Circuit: 'seg_selector_logic'
Circuit seg_selector_logic contains 18 device instances.
  Class: sky130_fd_sc_hd__nand4_1 instances:   3
  Class: sky130_fd_sc_hd__inv_1 instances:   4
  Class: sky130_fd_sc_hd__nand3_1 instances:   1
  Class: sky130_fd_sc_hd__nand2_1 instances:   8
  Class: sky130_fd_sc_hd__nor2_1 instances:   2
Circuit contains 28 nets.

Circuit 1 contains 18 devices, Circuit 2 contains 18 devices.
Circuit 1 contains 28 nets,    Circuit 2 contains 28 nets.


Contents of circuit 1:  Circuit: 'buffer_bus'
Circuit buffer_bus contains 20 device instances.
  Class: sky130_fd_sc_hd__inv_2 instances:  20
Circuit contains 32 nets.
Contents of circuit 2:  Circuit: 'buffer_bus'
Circuit buffer_bus contains 20 device instances.
  Class: sky130_fd_sc_hd__inv_2 instances:  20
Circuit contains 32 nets.

Circuit 1 contains 20 devices, Circuit 2 contains 20 devices.
Circuit 1 contains 32 nets,    Circuit 2 contains 32 nets.

Circuit rseg_4_v3 contains no devices.
Circuit rseg_2_v3 contains no devices.
Circuit rseg_3_v3 contains no devices.
Circuit rseg_1_v3 contains no devices.

Contents of circuit 1:  Circuit: 'top_segment_4'
Circuit top_segment_4 contains 95 device instances.
  Class: rseg_4_v3             instances:   1
  Class: sky130_fd_pr__pfet_g5v0d10v5 instances:  94
Circuit contains 174 nets.
Contents of circuit 2:  Circuit: 'top_segment_4'
Circuit top_segment_4 contains 95 device instances.
  Class: rseg_4_v3             instances:   1
  Class: sky130_fd_pr__pfet_g5v0d10v5 instances:  94
Circuit contains 165 nets, and 26 disconnected pins.

Circuit 1 contains 95 devices, Circuit 2 contains 95 devices.
Circuit 1 contains 174 nets,    Circuit 2 contains 165 nets. *** MISMATCH ***

  Flattening non-matched subcircuits top_segment_4 top_segment_4

Flattening instances of top_segment_4 in file /home/yohanes/10-bit-DAC/lvs/top_rseg_n_dcell.ext.spc
Flattening instances of top_segment_4 in file /home/yohanes/10-bit-DAC/lvs/top_rseg_n_dcell.sch.spc

Contents of circuit 1:  Circuit: 'top_segment_2'
Circuit top_segment_2 contains 80 device instances.
  Class: rseg_2_v3             instances:   1
  Class: sky130_fd_pr__nfet_g5v0d10v5 instances:  79
Circuit contains 135 nets.
Contents of circuit 2:  Circuit: 'top_segment_2'
Circuit top_segment_2 contains 80 device instances.
  Class: rseg_2_v3             instances:   1
  Class: sky130_fd_pr__nfet_g5v0d10v5 instances:  79
Circuit contains 135 nets.

Circuit 1 contains 80 devices, Circuit 2 contains 80 devices.
Circuit 1 contains 135 nets,    Circuit 2 contains 135 nets.

  Flattening non-matched subcircuits top_segment_2 top_segment_2

Flattening instances of top_segment_2 in file /home/yohanes/10-bit-DAC/lvs/top_rseg_n_dcell.ext.spc
Flattening instances of top_segment_2 in file /home/yohanes/10-bit-DAC/lvs/top_rseg_n_dcell.sch.spc

Contents of circuit 1:  Circuit: 'top_segment_3'
Circuit top_segment_3 contains 39 device instances.
  Class: rseg_3_v3             instances:   1
  Class: sky130_fd_pr__pfet_g5v0d10v5 instances:  38
Circuit contains 64 nets, and 2 disconnected pins.
Contents of circuit 2:  Circuit: 'top_segment_3'
Circuit top_segment_3 contains 39 device instances.
  Class: rseg_3_v3             instances:   1
  Class: sky130_fd_pr__pfet_g5v0d10v5 instances:  38
Circuit contains 64 nets.

Circuit 1 contains 39 devices, Circuit 2 contains 39 devices.
Circuit 1 contains 64 nets,    Circuit 2 contains 64 nets.

  Flattening non-matched subcircuits top_segment_3 top_segment_3

Flattening instances of top_segment_3 in file /home/yohanes/10-bit-DAC/lvs/top_rseg_n_dcell.ext.spc
Flattening instances of top_segment_3 in file /home/yohanes/10-bit-DAC/lvs/top_rseg_n_dcell.sch.spc

Contents of circuit 1:  Circuit: 'top_segment_1'
Circuit top_segment_1 contains 95 device instances.
  Class: rseg_1_v3             instances:   1
  Class: sky130_fd_pr__nfet_g5v0d10v5 instances:  94
Circuit contains 175 nets, and 2 disconnected pins.
Contents of circuit 2:  Circuit: 'top_segment_1'
Circuit top_segment_1 contains 95 device instances.
  Class: rseg_1_v3             instances:   1
  Class: sky130_fd_pr__nfet_g5v0d10v5 instances:  94
Circuit contains 175 nets.

Circuit 1 contains 95 devices, Circuit 2 contains 95 devices.
Circuit 1 contains 175 nets,    Circuit 2 contains 175 nets.

  Flattening non-matched subcircuits top_segment_1 top_segment_1

Flattening instances of top_segment_1 in file /home/yohanes/10-bit-DAC/lvs/top_rseg_n_dcell.ext.spc
Flattening instances of top_segment_1 in file /home/yohanes/10-bit-DAC/lvs/top_rseg_n_dcell.sch.spc

Contents of circuit 1:  Circuit: 'top_rseg_n_dcell'
Circuit top_rseg_n_dcell contains 400 device instances.
  Class: seg_selector_logic    instances:   1
  Class: rseg_2_v3             instances:   1
  Class: buffer_bus            instances:   1
  Class: rseg_1_v3             instances:   1
  Class: decoder_2to4          instances:   3
  Class: lvsf                  instances:  11
  Class: logic_shift_seg2      instances:   1
  Class: sky130_fd_pr__nfet_g5v0d10v5 instances: 190
  Class: sky130_fd_sc_hvl__inv_1 instances:  22
  Class: rseg_4_v3             instances:   1
  Class: rseg_3_v3             instances:   1
  Class: sky130_fd_pr__pfet_g5v0d10v5 instances: 167
Circuit contains 610 nets.
Contents of circuit 2:  Circuit: 'top_rseg_n_dcell'
Circuit top_rseg_n_dcell contains 374 device instances.
  Class: seg_selector_logic    instances:   1
  Class: rseg_2_v3             instances:   1
  Class: buffer_bus            instances:   1
  Class: rseg_1_v3             instances:   1
  Class: decoder_2to4          instances:   3
  Class: lvsf                  instances:  11
  Class: logic_shift_seg2      instances:   1
  Class: sky130_fd_pr__nfet_g5v0d10v5 instances: 183
  Class: sky130_fd_sc_hvl__inv_1 instances:  22
  Class: rseg_4_v3             instances:   1
  Class: rseg_3_v3             instances:   1
  Class: sky130_fd_pr__pfet_g5v0d10v5 instances: 148
Circuit contains 594 nets, and 26 disconnected pins.

Circuit was modified by parallel/series device merging.
New circuit summary:

Contents of circuit 1:  Circuit: 'top_rseg_n_dcell'
Circuit top_rseg_n_dcell contains 373 device instances.
  Class: seg_selector_logic    instances:   1
  Class: rseg_2_v3             instances:   1
  Class: buffer_bus            instances:   1
  Class: rseg_1_v3             instances:   1
  Class: decoder_2to4          instances:   3
  Class: lvsf                  instances:  11
  Class: logic_shift_seg2      instances:   1
  Class: sky130_fd_pr__nfet_g5v0d10v5 instances: 183
  Class: sky130_fd_sc_hvl__inv_1 instances:  22
  Class: rseg_4_v3             instances:   1
  Class: rseg_3_v3             instances:   1
  Class: sky130_fd_pr__pfet_g5v0d10v5 instances: 147
Circuit contains 610 nets.
Contents of circuit 2:  Circuit: 'top_rseg_n_dcell'
Circuit top_rseg_n_dcell contains 373 device instances.
  Class: seg_selector_logic    instances:   1
  Class: rseg_2_v3             instances:   1
  Class: buffer_bus            instances:   1
  Class: rseg_1_v3             instances:   1
  Class: decoder_2to4          instances:   3
  Class: lvsf                  instances:  11
  Class: logic_shift_seg2      instances:   1
  Class: sky130_fd_pr__nfet_g5v0d10v5 instances: 183
  Class: sky130_fd_sc_hvl__inv_1 instances:  22
  Class: rseg_4_v3             instances:   1
  Class: rseg_3_v3             instances:   1
  Class: sky130_fd_pr__pfet_g5v0d10v5 instances: 147
Circuit contains 594 nets, and 26 disconnected pins.

Circuit 1 contains 373 devices, Circuit 2 contains 373 devices.
Circuit 1 contains 606 nets,    Circuit 2 contains 594 nets. *** MISMATCH ***


Final result: 
Top level cell failed pin matching.


The following cells had property errors:
 decoder_2to4

Logging to file "/home/yohanes/10-bit-DAC/lvs/top_rseg_n_dcell.lvs.out" disabled
LVS Done.
