Netgen 1.5.292 compiled on Thu Mar  6 15:36:50 +07 2025
Warning: netgen command 'format' use fully-qualified name '::netgen::format'
Warning: netgen command 'global' use fully-qualified name '::netgen::global'
Reading netlist file /home/yohanes/10-bit-DAC/lvs/top_buffer_opamp.ext.spc
Call to undefined subcircuit sky130_fd_pr__cap_mim_m3_1
Creating placeholder cell definition.
Call to undefined subcircuit sky130_fd_pr__pfet_g5v0d10v5
Creating placeholder cell definition.
Call to undefined subcircuit sky130_fd_pr__nfet_g5v0d10v5
Creating placeholder cell definition.
Reading netlist file /home/yohanes/10-bit-DAC/lvs/top_buffer_opamp.sch.spc
Call to undefined subcircuit head
Creating placeholder cell definition.
Call to undefined subcircuit tail
Creating placeholder cell definition.
Call to undefined subcircuit folded_cascode
Creating placeholder cell definition.
Call to undefined subcircuit diff_pair
Creating placeholder cell definition.
Call to undefined subcircuit bias_opamp
Creating placeholder cell definition.
Call to undefined subcircuit sky130_fd_pr__cap_mim_m3_1
Creating placeholder cell definition.
Call to undefined subcircuit sky130_fd_pr__pfet_g5v0d10v5
Creating placeholder cell definition.
Call to undefined subcircuit sky130_fd_pr__nfet_g5v0d10v5
Creating placeholder cell definition.

Reading setup file /home/yohanes/pdk/sky130A/libs.tech/netgen/sky130A_setup.tcl

Model sky130_fd_pr__nfet_g5v0d10v5 pin 1 == 3
No property mult found for device sky130_fd_pr__nfet_g5v0d10v5
No property sa found for device sky130_fd_pr__nfet_g5v0d10v5
No property sb found for device sky130_fd_pr__nfet_g5v0d10v5
No property sd found for device sky130_fd_pr__nfet_g5v0d10v5
No property nf found for device sky130_fd_pr__nfet_g5v0d10v5
No property nrd found for device sky130_fd_pr__nfet_g5v0d10v5
No property nrs found for device sky130_fd_pr__nfet_g5v0d10v5
No property area found for device sky130_fd_pr__nfet_g5v0d10v5
No property perim found for device sky130_fd_pr__nfet_g5v0d10v5
No property topography found for device sky130_fd_pr__nfet_g5v0d10v5
Model sky130_fd_pr__nfet_g5v0d10v5 pin 1 == 3
No property as found for device sky130_fd_pr__nfet_g5v0d10v5
No property ad found for device sky130_fd_pr__nfet_g5v0d10v5
No property ps found for device sky130_fd_pr__nfet_g5v0d10v5
No property pd found for device sky130_fd_pr__nfet_g5v0d10v5
No property mult found for device sky130_fd_pr__nfet_g5v0d10v5
No property sa found for device sky130_fd_pr__nfet_g5v0d10v5
No property sb found for device sky130_fd_pr__nfet_g5v0d10v5
No property sd found for device sky130_fd_pr__nfet_g5v0d10v5
No property nrd found for device sky130_fd_pr__nfet_g5v0d10v5
No property nrs found for device sky130_fd_pr__nfet_g5v0d10v5
No property area found for device sky130_fd_pr__nfet_g5v0d10v5
No property perim found for device sky130_fd_pr__nfet_g5v0d10v5
No property topography found for device sky130_fd_pr__nfet_g5v0d10v5
Model sky130_fd_pr__pfet_g5v0d10v5 pin 1 == 3
No property mult found for device sky130_fd_pr__pfet_g5v0d10v5
No property sa found for device sky130_fd_pr__pfet_g5v0d10v5
No property sb found for device sky130_fd_pr__pfet_g5v0d10v5
No property sd found for device sky130_fd_pr__pfet_g5v0d10v5
No property nf found for device sky130_fd_pr__pfet_g5v0d10v5
No property nrd found for device sky130_fd_pr__pfet_g5v0d10v5
No property nrs found for device sky130_fd_pr__pfet_g5v0d10v5
No property area found for device sky130_fd_pr__pfet_g5v0d10v5
No property perim found for device sky130_fd_pr__pfet_g5v0d10v5
No property topography found for device sky130_fd_pr__pfet_g5v0d10v5
Model sky130_fd_pr__pfet_g5v0d10v5 pin 1 == 3
No property as found for device sky130_fd_pr__pfet_g5v0d10v5
No property ad found for device sky130_fd_pr__pfet_g5v0d10v5
No property ps found for device sky130_fd_pr__pfet_g5v0d10v5
No property pd found for device sky130_fd_pr__pfet_g5v0d10v5
No property mult found for device sky130_fd_pr__pfet_g5v0d10v5
No property sa found for device sky130_fd_pr__pfet_g5v0d10v5
No property sb found for device sky130_fd_pr__pfet_g5v0d10v5
No property sd found for device sky130_fd_pr__pfet_g5v0d10v5
No property nrd found for device sky130_fd_pr__pfet_g5v0d10v5
No property nrs found for device sky130_fd_pr__pfet_g5v0d10v5
No property area found for device sky130_fd_pr__pfet_g5v0d10v5
No property perim found for device sky130_fd_pr__pfet_g5v0d10v5
No property topography found for device sky130_fd_pr__pfet_g5v0d10v5
No property area found for device sky130_fd_pr__cap_mim_m3_1
No property value found for device sky130_fd_pr__cap_mim_m3_1
No property mult found for device sky130_fd_pr__cap_mim_m3_1
No property perim found for device sky130_fd_pr__cap_mim_m3_1
No property mf found for device sky130_fd_pr__cap_mim_m3_1
No property area found for device sky130_fd_pr__cap_mim_m3_1
No property value found for device sky130_fd_pr__cap_mim_m3_1
No property mult found for device sky130_fd_pr__cap_mim_m3_1
No property perim found for device sky130_fd_pr__cap_mim_m3_1
No property mf found for device sky130_fd_pr__cap_mim_m3_1
Comparison output logged to file /home/yohanes/10-bit-DAC/lvs/top_buffer_opamp.lvs.out
Logging to file "/home/yohanes/10-bit-DAC/lvs/top_buffer_opamp.lvs.out" enabled
Circuit sky130_fd_pr__nfet_g5v0d10v5 contains no devices.
Circuit sky130_fd_pr__pfet_g5v0d10v5 contains no devices.
Circuit sky130_fd_pr__cap_mim_m3_1 contains no devices.

Contents of circuit 1:  Circuit: 'top_buffer_opamp'
Circuit top_buffer_opamp contains 576 device instances.
  Class: sky130_fd_pr__cap_mim_m3_1 instances:  84
  Class: sky130_fd_pr__nfet_g5v0d10v5 instances: 224
  Class: sky130_fd_pr__pfet_g5v0d10v5 instances: 268
Circuit contains 54 nets.
Contents of circuit 2:  Circuit: 'top_buffer_opamp'
Circuit top_buffer_opamp contains 84 device instances.
  Class: sky130_fd_pr__cap_mim_m3_1 instances:   3
  Class: sky130_fd_pr__nfet_g5v0d10v5 instances:  39
  Class: sky130_fd_pr__pfet_g5v0d10v5 instances:  42
Circuit contains 54 nets.

Circuit was modified by parallel/series device merging.
New circuit summary:

Contents of circuit 1:  Circuit: 'top_buffer_opamp'
Circuit top_buffer_opamp contains 79 device instances.
  Class: sky130_fd_pr__cap_mim_m3_1 instances:   3
  Class: sky130_fd_pr__nfet_g5v0d10v5 instances:  36
  Class: sky130_fd_pr__pfet_g5v0d10v5 instances:  40
Circuit contains 54 nets.
Contents of circuit 2:  Circuit: 'top_buffer_opamp'
Circuit top_buffer_opamp contains 79 device instances.
  Class: sky130_fd_pr__cap_mim_m3_1 instances:   3
  Class: sky130_fd_pr__nfet_g5v0d10v5 instances:  36
  Class: sky130_fd_pr__pfet_g5v0d10v5 instances:  40
Circuit contains 54 nets.

Circuit 1 contains 79 devices, Circuit 2 contains 79 devices.
Circuit 1 contains 54 nets,    Circuit 2 contains 54 nets.

No more changes can be made to series/parallel networks.

Final result: 
Circuits match uniquely.
Property errors were found.

The following cells had property errors:
 top_buffer_opamp

Logging to file "/home/yohanes/10-bit-DAC/lvs/top_buffer_opamp.lvs.out" disabled
LVS Done.
