
Circuit 1 cell sky130_fd_pr__nfet_g5v0d10v5 and Circuit 2 cell sky130_fd_pr__nfet_g5v0d10v5 are black boxes.
Warning: Equate pins:  cell sky130_fd_pr__nfet_g5v0d10v5 is a placeholder, treated as a black box.
Warning: Equate pins:  cell sky130_fd_pr__nfet_g5v0d10v5 is a placeholder, treated as a black box.

Subcircuit pins:
Circuit 1: sky130_fd_pr__nfet_g5v0d10v5    |Circuit 2: sky130_fd_pr__nfet_g5v0d10v5    
-------------------------------------------|-------------------------------------------
1                                          |1                                          
2                                          |2                                          
3                                          |3                                          
4                                          |4                                          
---------------------------------------------------------------------------------------
Cell pin lists are equivalent.
Device classes sky130_fd_pr__nfet_g5v0d10v5 and sky130_fd_pr__nfet_g5v0d10v5 are equivalent.

Circuit 2 cell rseg_1_v3 is a black box; will not flatten Circuit 1
Warning: Equate pins:  cell rseg_1_v3 is a placeholder, treated as a black box.

Subcircuit pins:
Circuit 1: rseg_1_v3                       |Circuit 2: rseg_1_v3                       
-------------------------------------------|-------------------------------------------
(no matching pin)                          |1                                          
(no matching pin)                          |2                                          
(no matching pin)                          |3                                          
(no matching pin)                          |4                                          
(no matching pin)                          |5                                          
(no matching pin)                          |6                                          
(no matching pin)                          |7                                          
(no matching pin)                          |8                                          
(no matching pin)                          |9                                          
(no matching pin)                          |10                                         
(no matching pin)                          |11                                         
(no matching pin)                          |12                                         
(no matching pin)                          |13                                         
(no matching pin)                          |14                                         
(no matching pin)                          |15                                         
(no matching pin)                          |16                                         
(no matching pin)                          |17                                         
(no matching pin)                          |18                                         
(no matching pin)                          |19                                         
(no matching pin)                          |20                                         
(no matching pin)                          |21                                         
(no matching pin)                          |22                                         
(no matching pin)                          |23                                         
(no matching pin)                          |24                                         
(no matching pin)                          |25                                         
(no matching pin)                          |26                                         
(no matching pin)                          |27                                         
(no matching pin)                          |28                                         
(no matching pin)                          |29                                         
(no matching pin)                          |30                                         
(no matching pin)                          |31                                         
(no matching pin)                          |32                                         
(no matching pin)                          |33                                         
(no matching pin)                          |34                                         
(no matching pin)                          |35                                         
(no matching pin)                          |36                                         
(no matching pin)                          |37                                         
(no matching pin)                          |38                                         
(no matching pin)                          |39                                         
(no matching pin)                          |40                                         
(no matching pin)                          |41                                         
(no matching pin)                          |42                                         
(no matching pin)                          |43                                         
(no matching pin)                          |44                                         
(no matching pin)                          |45                                         
(no matching pin)                          |46                                         
(no matching pin)                          |47                                         
(no matching pin)                          |48                                         
(no matching pin)                          |49                                         
(no matching pin)                          |50                                         
(no matching pin)                          |51                                         
(no matching pin)                          |52                                         
(no matching pin)                          |53                                         
(no matching pin)                          |54                                         
(no matching pin)                          |55                                         
(no matching pin)                          |56                                         
(no matching pin)                          |57                                         
(no matching pin)                          |58                                         
(no matching pin)                          |59                                         
(no matching pin)                          |60                                         
(no matching pin)                          |61                                         
(no matching pin)                          |62                                         
(no matching pin)                          |63                                         
(no matching pin)                          |64                                         
(no matching pin)                          |65                                         
(no matching pin)                          |66                                         
---------------------------------------------------------------------------------------
Cell pin lists are equivalent.
Device classes rseg_1_v3 and rseg_1_v3 are equivalent.
Flattening unmatched subcell nswitch_8_stage_1_up in circuit top_segment_1 (0)(4 instances)
Flattening unmatched subcell hnmos_8 in circuit top_segment_1 (0)(4 instances)
Flattening unmatched subcell hnmos_4 in circuit top_segment_1 (0)(8 instances)
Flattening unmatched subcell hnmos_2 in circuit top_segment_1 (0)(16 instances)
Flattening unmatched subcell hnmos_1 in circuit top_segment_1 (0)(32 instances)
Flattening unmatched subcell sky130_fd_pr__nfet_g5v0d10v5_NQHLCX in circuit top_segment_1 (0)(32 instances)
Flattening unmatched subcell tps1_sw_stage_final in circuit top_segment_1 (0)(1 instance)
Flattening unmatched subcell nswitch_8_stage_2 in circuit top_segment_1 (0)(1 instance)
Flattening unmatched subcell hnmos_8 in circuit top_segment_1 (0)(1 instance)
Flattening unmatched subcell hnmos_4 in circuit top_segment_1 (0)(2 instances)
Flattening unmatched subcell hnmos_2 in circuit top_segment_1 (0)(4 instances)
Flattening unmatched subcell hnmos_1 in circuit top_segment_1 (0)(8 instances)
Flattening unmatched subcell sky130_fd_pr__nfet_g5v0d10v5_NQHLCX in circuit top_segment_1 (0)(8 instances)
Flattening unmatched subcell nswitch_8_stage_1 in circuit top_segment_1 (0)(5 instances)
Flattening unmatched subcell hnmos_8 in circuit top_segment_1 (0)(5 instances)
Flattening unmatched subcell hnmos_4 in circuit top_segment_1 (0)(10 instances)
Flattening unmatched subcell hnmos_2 in circuit top_segment_1 (0)(20 instances)
Flattening unmatched subcell hnmos_1 in circuit top_segment_1 (0)(40 instances)
Flattening unmatched subcell sky130_fd_pr__nfet_g5v0d10v5_NQHLCX in circuit top_segment_1 (0)(40 instances)
Flattening unmatched subcell nswitch_16_final in circuit top_segment_1 (0)(1 instance)
Flattening unmatched subcell nswitch_4_stage_3_H in circuit top_segment_1 (0)(1 instance)
Flattening unmatched subcell hnmos_4 in circuit top_segment_1 (0)(1 instance)
Flattening unmatched subcell hnmos_2 in circuit top_segment_1 (0)(4 instances)
Flattening unmatched subcell hnmos_1 in circuit top_segment_1 (0)(10 instances)
Flattening unmatched subcell sky130_fd_pr__nfet_g5v0d10v5_NQHLCX in circuit top_segment_1 (0)(10 instances)
Flattening unmatched subcell nswitch_4_stage_3 in circuit top_segment_1 (0)(1 instance)
Flattening unmatched subcell hnmos_4 in circuit top_segment_1 (0)(1 instance)
Flattening unmatched subcell hnmos_2 in circuit top_segment_1 (0)(2 instances)
Flattening unmatched subcell hnmos_1 in circuit top_segment_1 (0)(4 instances)
Flattening unmatched subcell sky130_fd_pr__nfet_g5v0d10v5_NQHLCX in circuit top_segment_1 (0)(4 instances)
Flattening unmatched subcell vselector_6b_1v_stage_1 in circuit top_segment_1 (1)(1 instance)
Flattening unmatched subcell vselector_16b_1v in circuit top_segment_1 (1)(4 instances)
Flattening unmatched subcell switch_nmos_1g_8o in circuit top_segment_1 (1)(2 instances)
Flattening unmatched subcell switch_nmos_1g_4o in circuit top_segment_1 (1)(2 instances)
Flattening unmatched subcell switch_nmos_1g_2o in circuit top_segment_1 (1)(2 instances)
Flattening unmatched subcell switch_nmos_2g_2o in circuit top_segment_1 (1)(1 instance)

Cell top_segment_1 (0) disconnected node: V0
Cell top_segment_1 (0) disconnected node: V64
Subcircuit summary:
Circuit 1: top_segment_1                   |Circuit 2: top_segment_1                   
-------------------------------------------|-------------------------------------------
sky130_fd_pr__nfet_g5v0d10v5 (94)          |sky130_fd_pr__nfet_g5v0d10v5 (94)          
rseg_1_v3 (1)                              |rseg_1_v3 (1)                              
Number of devices: 95                      |Number of devices: 95                      
Number of nets: 175                        |Number of nets: 175                        
---------------------------------------------------------------------------------------
NET mismatches: Class fragments follow (with fanout counts):
Circuit 1: top_segment_1                   |Circuit 2: top_segment_1                   

---------------------------------------------------------------------------------------
Net: dummy_109                             |Net: dummy_175                             
  rseg_1_v3/proxy6 = 1                     |  rseg_1_v3/proxyv37 = 1                   
                                           |                                           
Net: dummy_108                             |Net: dummy_174                             
  rseg_1_v3/proxy5 = 1                     |  rseg_1_v3/proxyv32 = 1                   
                                           |                                           
Net: dummy_107                             |Net: dummy_173                             
  rseg_1_v3/proxy4 = 1                     |  rseg_1_v3/proxyv33 = 1                   
                                           |                                           
Net: dummy_106                             |Net: dummy_172                             
  rseg_1_v3/proxy3 = 1                     |  rseg_1_v3/proxyv57 = 1                   
                                           |                                           
Net: dummy_105                             |Net: dummy_171                             
  rseg_1_v3/proxy2 = 1                     |  rseg_1_v3/proxyv54 = 1                   
                                           |                                           
Net: dummy_104                             |Net: dummy_170                             
  rseg_1_v3/proxy1 = 1                     |  rseg_1_v3/proxyv27 = 1                   
                                           |                                           
Net: dummy_169                             |Net: dummy_169                             
  rseg_1_v3/proxy66 = 1                    |  rseg_1_v3/proxyv31 = 1                   
                                           |                                           
Net: dummy_168                             |Net: dummy_168                             
  rseg_1_v3/proxy65 = 1                    |  rseg_1_v3/proxyv44 = 1                   
                                           |                                           
Net: dummy_167                             |Net: dummy_167                             
  rseg_1_v3/proxy64 = 1                    |  rseg_1_v3/proxyv40 = 1                   
                                           |                                           
Net: dummy_166                             |Net: dummy_166                             
  rseg_1_v3/proxy63 = 1                    |  rseg_1_v3/proxyv29 = 1                   
                                           |                                           
Net: dummy_165                             |Net: dummy_165                             
  rseg_1_v3/proxy62 = 1                    |  rseg_1_v3/proxyv9 = 1                    
                                           |                                           
Net: dummy_164                             |Net: dummy_164                             
  rseg_1_v3/proxy61 = 1                    |  rseg_1_v3/proxyv52 = 1                   
                                           |                                           
Net: dummy_163                             |Net: dummy_163                             
  rseg_1_v3/proxy60 = 1                    |  rseg_1_v3/proxyv30 = 1                   
                                           |                                           
Net: dummy_162                             |Net: dummy_162                             
  rseg_1_v3/proxy59 = 1                    |  rseg_1_v3/proxyv53 = 1                   
                                           |                                           
Net: dummy_161                             |Net: dummy_161                             
  rseg_1_v3/proxy58 = 1                    |  rseg_1_v3/proxyv48 = 1                   
                                           |                                           
Net: dummy_160                             |Net: dummy_160                             
  rseg_1_v3/proxy57 = 1                    |  rseg_1_v3/proxyv49 = 1                   
                                           |                                           
Net: dummy_159                             |Net: dummy_159                             
  rseg_1_v3/proxy56 = 1                    |  rseg_1_v3/proxyv42 = 1                   
                                           |                                           
Net: dummy_158                             |Net: dummy_158                             
  rseg_1_v3/proxy55 = 1                    |  rseg_1_v3/proxyv55 = 1                   
                                           |                                           
Net: dummy_157                             |Net: dummy_157                             
  rseg_1_v3/proxy54 = 1                    |  rseg_1_v3/proxyv39 = 1                   
                                           |                                           
Net: dummy_156                             |Net: dummy_156                             
  rseg_1_v3/proxy53 = 1                    |  rseg_1_v3/proxyv60 = 1                   
                                           |                                           
Net: dummy_155                             |Net: dummy_155                             
  rseg_1_v3/proxy52 = 1                    |  rseg_1_v3/proxyv25 = 1                   
                                           |                                           
Net: dummy_154                             |Net: dummy_154                             
  rseg_1_v3/proxy51 = 1                    |  rseg_1_v3/proxyv56 = 1                   
                                           |                                           
Net: dummy_153                             |Net: dummy_153                             
  rseg_1_v3/proxy50 = 1                    |  rseg_1_v3/proxyv43 = 1                   
                                           |                                           
Net: dummy_152                             |Net: dummy_152                             
  rseg_1_v3/proxy49 = 1                    |  rseg_1_v3/proxyv23 = 1                   
                                           |                                           
Net: dummy_151                             |Net: dummy_151                             
  rseg_1_v3/proxy48 = 1                    |  rseg_1_v3/proxyv47 = 1                   
                                           |                                           
Net: dummy_150                             |Net: dummy_150                             
  rseg_1_v3/proxy47 = 1                    |  rseg_1_v3/proxyv12 = 1                   
                                           |                                           
Net: dummy_149                             |Net: dummy_149                             
  rseg_1_v3/proxy46 = 1                    |  rseg_1_v3/proxyv45 = 1                   
                                           |                                           
Net: dummy_148                             |Net: dummy_148                             
  rseg_1_v3/proxy45 = 1                    |  rseg_1_v3/proxyv18 = 1                   
                                           |                                           
Net: dummy_147                             |Net: dummy_147                             
  rseg_1_v3/proxy44 = 1                    |  rseg_1_v3/proxyv46 = 1                   
                                           |                                           
Net: dummy_146                             |Net: dummy_146                             
  rseg_1_v3/proxy43 = 1                    |  rseg_1_v3/proxyv58 = 1                   
                                           |                                           
Net: dummy_145                             |Net: dummy_145                             
  rseg_1_v3/proxy42 = 1                    |  rseg_1_v3/proxyv22 = 1                   
                                           |                                           
Net: dummy_144                             |Net: dummy_144                             
  rseg_1_v3/proxy41 = 1                    |  rseg_1_v3/proxyv35 = 1                   
                                           |                                           
Net: dummy_143                             |Net: dummy_143                             
  rseg_1_v3/proxy40 = 1                    |  rseg_1_v3/proxyv59 = 1                   
                                           |                                           
Net: dummy_142                             |Net: dummy_142                             
  rseg_1_v3/proxy39 = 1                    |  rseg_1_v3/proxyv10 = 1                   
                                           |                                           
Net: dummy_141                             |Net: dummy_141                             
  rseg_1_v3/proxy38 = 1                    |  rseg_1_v3/proxyv34 = 1                   
                                           |                                           
Net: dummy_140                             |Net: dummy_140                             
  rseg_1_v3/proxy37 = 1                    |  rseg_1_v3/proxyv28 = 1                   
                                           |                                           
Net: dummy_139                             |Net: dummy_139                             
  rseg_1_v3/proxy36 = 1                    |  rseg_1_v3/proxyv24 = 1                   
                                           |                                           
Net: dummy_138                             |Net: dummy_138                             
  rseg_1_v3/proxy35 = 1                    |  rseg_1_v3/proxyv16 = 1                   
                                           |                                           
Net: dummy_137                             |Net: dummy_137                             
  rseg_1_v3/proxy34 = 1                    |  rseg_1_v3/proxyv17 = 1                   
                                           |                                           
Net: dummy_136                             |Net: dummy_136                             
  rseg_1_v3/proxy33 = 1                    |  rseg_1_v3/proxyv38 = 1                   
                                           |                                           
Net: dummy_135                             |Net: dummy_135                             
  rseg_1_v3/proxy32 = 1                    |  rseg_1_v3/proxyv15 = 1                   
                                           |                                           
Net: dummy_134                             |Net: dummy_134                             
  rseg_1_v3/proxy31 = 1                    |  rseg_1_v3/proxygnd = 1                   
                                           |                                           
Net: dummy_133                             |Net: dummy_133                             
  rseg_1_v3/proxy30 = 1                    |  rseg_1_v3/proxyv64 = 1                   
                                           |                                           
Net: dummy_132                             |Net: dummy_132                             
  rseg_1_v3/proxy29 = 1                    |  rseg_1_v3/proxyv63 = 1                   
                                           |                                           
Net: dummy_131                             |Net: dummy_131                             
  rseg_1_v3/proxy28 = 1                    |  rseg_1_v3/proxyv62 = 1                   
                                           |                                           
Net: dummy_130                             |Net: dummy_130                             
  rseg_1_v3/proxy27 = 1                    |  rseg_1_v3/proxyv61 = 1                   
                                           |                                           
Net: dummy_129                             |Net: dummy_129                             
  rseg_1_v3/proxy26 = 1                    |  rseg_1_v3/proxyv51 = 1                   
                                           |                                           
Net: dummy_128                             |Net: dummy_128                             
  rseg_1_v3/proxy25 = 1                    |  rseg_1_v3/proxyv50 = 1                   
                                           |                                           
Net: dummy_127                             |Net: dummy_127                             
  rseg_1_v3/proxy24 = 1                    |  rseg_1_v3/proxyv41 = 1                   
                                           |                                           
Net: dummy_126                             |Net: dummy_126                             
  rseg_1_v3/proxy23 = 1                    |  rseg_1_v3/proxyv36 = 1                   
                                           |                                           
Net: dummy_125                             |Net: dummy_125                             
  rseg_1_v3/proxy22 = 1                    |  rseg_1_v3/proxyv26 = 1                   
                                           |                                           
Net: dummy_124                             |Net: dummy_124                             
  rseg_1_v3/proxy21 = 1                    |  rseg_1_v3/proxyv21 = 1                   
                                           |                                           
Net: dummy_123                             |Net: dummy_123                             
  rseg_1_v3/proxy20 = 1                    |  rseg_1_v3/proxyv20 = 1                   
                                           |                                           
Net: dummy_122                             |Net: dummy_122                             
  rseg_1_v3/proxy19 = 1                    |  rseg_1_v3/proxyv19 = 1                   
                                           |                                           
Net: dummy_121                             |Net: dummy_121                             
  rseg_1_v3/proxy18 = 1                    |  rseg_1_v3/proxyv14 = 1                   
                                           |                                           
Net: dummy_120                             |Net: dummy_120                             
  rseg_1_v3/proxy17 = 1                    |  rseg_1_v3/proxyv13 = 1                   
                                           |                                           
Net: dummy_119                             |Net: dummy_119                             
  rseg_1_v3/proxy16 = 1                    |  rseg_1_v3/proxyv11 = 1                   
                                           |                                           
Net: dummy_118                             |Net: dummy_118                             
  rseg_1_v3/proxy15 = 1                    |  rseg_1_v3/proxyv8 = 1                    
                                           |                                           
Net: dummy_117                             |Net: dummy_117                             
  rseg_1_v3/proxy14 = 1                    |  rseg_1_v3/proxyv7 = 1                    
                                           |                                           
Net: dummy_116                             |Net: dummy_116                             
  rseg_1_v3/proxy13 = 1                    |  rseg_1_v3/proxyv6 = 1                    
                                           |                                           
Net: dummy_115                             |Net: dummy_115                             
  rseg_1_v3/proxy12 = 1                    |  rseg_1_v3/proxyv5 = 1                    
                                           |                                           
Net: dummy_114                             |Net: dummy_114                             
  rseg_1_v3/proxy11 = 1                    |  rseg_1_v3/proxyv4 = 1                    
                                           |                                           
Net: dummy_113                             |Net: dummy_113                             
  rseg_1_v3/proxy10 = 1                    |  rseg_1_v3/proxyv3 = 1                    
                                           |                                           
Net: dummy_112                             |Net: dummy_112                             
  rseg_1_v3/proxy9 = 1                     |  rseg_1_v3/proxyv2 = 1                    
                                           |                                           
Net: dummy_111                             |Net: dummy_111                             
  rseg_1_v3/proxy8 = 1                     |  rseg_1_v3/proxyv1 = 1                    
                                           |                                           
Net: dummy_110                             |Net: dummy_110                             
  rseg_1_v3/proxy7 = 1                     |  rseg_1_v3/proxyv0 = 1                    
                                           |                                           
Net: rseg_1_v3_1/v64                       |Net: V64                                   
  rseg_1_v3/v64 = 1                        |  rseg_1_v3/65 = 1                         
---------------------------------------------------------------------------------------

---------------------------------------------------------------------------------------
Net: GND                                   |Net: GND                                   
  sky130_fd_pr__nfet_g5v0d10v5/4 = 94      |  sky130_fd_pr__nfet_g5v0d10v5/4 = 94      
  rseg_1_v3/gnd = 1                        |  rseg_1_v3/66 = 1                         
---------------------------------------------------------------------------------------

---------------------------------------------------------------------------------------
Net: rseg_1_v3_1/v54                       |Net: V63                                   
  rseg_1_v3/v54 = 1                        |  sky130_fd_pr__nfet_g5v0d10v5/(1|3) = 1   
  sky130_fd_pr__nfet_g5v0d10v5/(1|3) = 1   |  rseg_1_v3/64 = 1                         
                                           |                                           
Net: rseg_1_v3_1/v52                       |Net: V62                                   
  rseg_1_v3/v52 = 1                        |  sky130_fd_pr__nfet_g5v0d10v5/(1|3) = 1   
  sky130_fd_pr__nfet_g5v0d10v5/(1|3) = 1   |  rseg_1_v3/63 = 1                         
                                           |                                           
Net: rseg_1_v3_1/v53                       |Net: V61                                   
  rseg_1_v3/v53 = 1                        |  sky130_fd_pr__nfet_g5v0d10v5/(1|3) = 1   
  sky130_fd_pr__nfet_g5v0d10v5/(1|3) = 1   |  rseg_1_v3/62 = 1                         
                                           |                                           
Net: rseg_1_v3_1/v48                       |Net: V60                                   
  rseg_1_v3/v48 = 1                        |  sky130_fd_pr__nfet_g5v0d10v5/(1|3) = 1   
  sky130_fd_pr__nfet_g5v0d10v5/(1|3) = 1   |  rseg_1_v3/61 = 1                         
                                           |                                           
Net: rseg_1_v3_1/v49                       |Net: V59                                   
  rseg_1_v3/v49 = 1                        |  sky130_fd_pr__nfet_g5v0d10v5/(1|3) = 1   
  sky130_fd_pr__nfet_g5v0d10v5/(1|3) = 1   |  rseg_1_v3/60 = 1                         
                                           |                                           
Net: rseg_1_v3_1/v55                       |Net: V58                                   
  rseg_1_v3/v55 = 1                        |  sky130_fd_pr__nfet_g5v0d10v5/(1|3) = 1   
  sky130_fd_pr__nfet_g5v0d10v5/(1|3) = 1   |  rseg_1_v3/59 = 1                         
                                           |                                           
Net: rseg_1_v3_1/v51                       |Net: V57                                   
  rseg_1_v3/v51 = 1                        |  sky130_fd_pr__nfet_g5v0d10v5/(1|3) = 1   
  sky130_fd_pr__nfet_g5v0d10v5/(1|3) = 1   |  rseg_1_v3/58 = 1                         
                                           |                                           
Net: rseg_1_v3_1/v50                       |Net: V56                                   
  rseg_1_v3/v50 = 1                        |  sky130_fd_pr__nfet_g5v0d10v5/(1|3) = 1   
  sky130_fd_pr__nfet_g5v0d10v5/(1|3) = 1   |  rseg_1_v3/57 = 1                         
                                           |                                           
Net: rseg_1_v3_1/v39                       |Net: V55                                   
  sky130_fd_pr__nfet_g5v0d10v5/(1|3) = 1   |  sky130_fd_pr__nfet_g5v0d10v5/(1|3) = 1   
  rseg_1_v3/v39 = 1                        |  rseg_1_v3/56 = 1                         
                                           |                                           
Net: rseg_1_v3_1/v37                       |Net: V54                                   
  sky130_fd_pr__nfet_g5v0d10v5/(1|3) = 1   |  sky130_fd_pr__nfet_g5v0d10v5/(1|3) = 1   
  rseg_1_v3/v37 = 1                        |  rseg_1_v3/55 = 1                         
                                           |                                           
Net: rseg_1_v3_1/v33                       |Net: V53                                   
  sky130_fd_pr__nfet_g5v0d10v5/(1|3) = 1   |  sky130_fd_pr__nfet_g5v0d10v5/(1|3) = 1   
  rseg_1_v3/v33 = 1                        |  rseg_1_v3/54 = 1                         
                                           |                                           
Net: rseg_1_v3_1/v34                       |Net: V52                                   
  sky130_fd_pr__nfet_g5v0d10v5/(1|3) = 1   |  sky130_fd_pr__nfet_g5v0d10v5/(1|3) = 1   
  rseg_1_v3/v34 = 1                        |  rseg_1_v3/53 = 1                         
                                           |                                           
Net: rseg_1_v3_1/v36                       |Net: V51                                   
  sky130_fd_pr__nfet_g5v0d10v5/(1|3) = 1   |  sky130_fd_pr__nfet_g5v0d10v5/(1|3) = 1   
  rseg_1_v3/v36 = 1                        |  rseg_1_v3/52 = 1                         
                                           |                                           
Net: rseg_1_v3_1/v32                       |Net: V50                                   
  sky130_fd_pr__nfet_g5v0d10v5/(1|3) = 1   |  sky130_fd_pr__nfet_g5v0d10v5/(1|3) = 1   
  rseg_1_v3/v32 = 1                        |  rseg_1_v3/51 = 1                         
                                           |                                           
Net: rseg_1_v3_1/v38                       |Net: V49                                   
  sky130_fd_pr__nfet_g5v0d10v5/(1|3) = 1   |  sky130_fd_pr__nfet_g5v0d10v5/(1|3) = 1   
  rseg_1_v3/v38 = 1                        |  rseg_1_v3/50 = 1                         
                                           |                                           
Net: rseg_1_v3_1/v35                       |Net: V48                                   
  sky130_fd_pr__nfet_g5v0d10v5/(1|3) = 1   |  sky130_fd_pr__nfet_g5v0d10v5/(1|3) = 1   
  rseg_1_v3/v35 = 1                        |  rseg_1_v3/49 = 1                         
                                           |                                           
Net: rseg_1_v3_1/v7                        |Net: V47                                   
  sky130_fd_pr__nfet_g5v0d10v5/(1|3) = 1   |  sky130_fd_pr__nfet_g5v0d10v5/(1|3) = 1   
  rseg_1_v3/v7 = 1                         |  rseg_1_v3/48 = 1                         
                                           |                                           
Net: rseg_1_v3_1/v5                        |Net: V46                                   
  sky130_fd_pr__nfet_g5v0d10v5/(1|3) = 1   |  sky130_fd_pr__nfet_g5v0d10v5/(1|3) = 1   
  rseg_1_v3/v5 = 1                         |  rseg_1_v3/47 = 1                         
                                           |                                           
Net: rseg_1_v3_1/v1                        |Net: V45                                   
  sky130_fd_pr__nfet_g5v0d10v5/(1|3) = 1   |  sky130_fd_pr__nfet_g5v0d10v5/(1|3) = 1   
  rseg_1_v3/v1 = 1                         |  rseg_1_v3/46 = 1                         
                                           |                                           
Net: rseg_1_v3_1/v2                        |Net: V44                                   
  sky130_fd_pr__nfet_g5v0d10v5/(1|3) = 1   |  sky130_fd_pr__nfet_g5v0d10v5/(1|3) = 1   
  rseg_1_v3/v2 = 1                         |  rseg_1_v3/45 = 1                         
                                           |                                           
Net: rseg_1_v3_1/v4                        |Net: V43                                   
  sky130_fd_pr__nfet_g5v0d10v5/(1|3) = 1   |  sky130_fd_pr__nfet_g5v0d10v5/(1|3) = 1   
  rseg_1_v3/v4 = 1                         |  rseg_1_v3/44 = 1                         
                                           |                                           
Net: rseg_1_v3_1/v0                        |Net: V42                                   
  sky130_fd_pr__nfet_g5v0d10v5/(1|3) = 1   |  sky130_fd_pr__nfet_g5v0d10v5/(1|3) = 1   
  rseg_1_v3/v0 = 1                         |  rseg_1_v3/43 = 1                         
                                           |                                           
Net: rseg_1_v3_1/v6                        |Net: V41                                   
  sky130_fd_pr__nfet_g5v0d10v5/(1|3) = 1   |  sky130_fd_pr__nfet_g5v0d10v5/(1|3) = 1   
  rseg_1_v3/v6 = 1                         |  rseg_1_v3/42 = 1                         
                                           |                                           
Net: rseg_1_v3_1/v3                        |Net: V40                                   
  sky130_fd_pr__nfet_g5v0d10v5/(1|3) = 1   |  sky130_fd_pr__nfet_g5v0d10v5/(1|3) = 1   
  rseg_1_v3/v3 = 1                         |  rseg_1_v3/41 = 1                         
                                           |                                           
Net: rseg_1_v3_1/v23                       |Net: V39                                   
  sky130_fd_pr__nfet_g5v0d10v5/(1|3) = 1   |  sky130_fd_pr__nfet_g5v0d10v5/(1|3) = 1   
  rseg_1_v3/v23 = 1                        |  rseg_1_v3/40 = 1                         
                                           |                                           
Net: rseg_1_v3_1/v21                       |Net: V38                                   
  sky130_fd_pr__nfet_g5v0d10v5/(1|3) = 1   |  sky130_fd_pr__nfet_g5v0d10v5/(1|3) = 1   
  rseg_1_v3/v21 = 1                        |  rseg_1_v3/39 = 1                         
                                           |                                           
Net: rseg_1_v3_1/v17                       |Net: V37                                   
  sky130_fd_pr__nfet_g5v0d10v5/(1|3) = 1   |  sky130_fd_pr__nfet_g5v0d10v5/(1|3) = 1   
  rseg_1_v3/v17 = 1                        |  rseg_1_v3/38 = 1                         
                                           |                                           
Net: rseg_1_v3_1/v18                       |Net: V36                                   
  sky130_fd_pr__nfet_g5v0d10v5/(1|3) = 1   |  sky130_fd_pr__nfet_g5v0d10v5/(1|3) = 1   
  rseg_1_v3/v18 = 1                        |  rseg_1_v3/37 = 1                         
                                           |                                           
Net: rseg_1_v3_1/v20                       |Net: V35                                   
  sky130_fd_pr__nfet_g5v0d10v5/(1|3) = 1   |  sky130_fd_pr__nfet_g5v0d10v5/(1|3) = 1   
  rseg_1_v3/v20 = 1                        |  rseg_1_v3/36 = 1                         
                                           |                                           
Net: rseg_1_v3_1/v16                       |Net: V34                                   
  sky130_fd_pr__nfet_g5v0d10v5/(1|3) = 1   |  sky130_fd_pr__nfet_g5v0d10v5/(1|3) = 1   
  rseg_1_v3/v16 = 1                        |  rseg_1_v3/35 = 1                         
                                           |                                           
Net: rseg_1_v3_1/v22                       |Net: V33                                   
  sky130_fd_pr__nfet_g5v0d10v5/(1|3) = 1   |  sky130_fd_pr__nfet_g5v0d10v5/(1|3) = 1   
  rseg_1_v3/v22 = 1                        |  rseg_1_v3/34 = 1                         
                                           |                                           
Net: rseg_1_v3_1/v19                       |Net: V32                                   
  sky130_fd_pr__nfet_g5v0d10v5/(1|3) = 1   |  sky130_fd_pr__nfet_g5v0d10v5/(1|3) = 1   
  rseg_1_v3/v19 = 1                        |  rseg_1_v3/33 = 1                         
                                           |                                           
Net: rseg_1_v3_1/v60                       |Net: V31                                   
  sky130_fd_pr__nfet_g5v0d10v5/(1|3) = 1   |  sky130_fd_pr__nfet_g5v0d10v5/(1|3) = 1   
  rseg_1_v3/v60 = 1                        |  rseg_1_v3/32 = 1                         
                                           |                                           
Net: rseg_1_v3_1/v57                       |Net: V30                                   
  sky130_fd_pr__nfet_g5v0d10v5/(1|3) = 1   |  sky130_fd_pr__nfet_g5v0d10v5/(1|3) = 1   
  rseg_1_v3/v57 = 1                        |  rseg_1_v3/31 = 1                         
                                           |                                           
Net: rseg_1_v3_1/v58                       |Net: V29                                   
  sky130_fd_pr__nfet_g5v0d10v5/(1|3) = 1   |  sky130_fd_pr__nfet_g5v0d10v5/(1|3) = 1   
  rseg_1_v3/v58 = 1                        |  rseg_1_v3/30 = 1                         
                                           |                                           
Net: rseg_1_v3_1/v62                       |Net: V28                                   
  sky130_fd_pr__nfet_g5v0d10v5/(1|3) = 1   |  sky130_fd_pr__nfet_g5v0d10v5/(1|3) = 1   
  rseg_1_v3/v62 = 1                        |  rseg_1_v3/29 = 1                         
                                           |                                           
Net: rseg_1_v3_1/v56                       |Net: V27                                   
  sky130_fd_pr__nfet_g5v0d10v5/(1|3) = 1   |  sky130_fd_pr__nfet_g5v0d10v5/(1|3) = 1   
  rseg_1_v3/v56 = 1                        |  rseg_1_v3/28 = 1                         
                                           |                                           
Net: rseg_1_v3_1/v59                       |Net: V26                                   
  sky130_fd_pr__nfet_g5v0d10v5/(1|3) = 1   |  sky130_fd_pr__nfet_g5v0d10v5/(1|3) = 1   
  rseg_1_v3/v59 = 1                        |  rseg_1_v3/27 = 1                         
                                           |                                           
Net: rseg_1_v3_1/v63                       |Net: V25                                   
  sky130_fd_pr__nfet_g5v0d10v5/(1|3) = 1   |  sky130_fd_pr__nfet_g5v0d10v5/(1|3) = 1   
  rseg_1_v3/v63 = 1                        |  rseg_1_v3/26 = 1                         
                                           |                                           
Net: rseg_1_v3_1/v61                       |Net: V24                                   
  sky130_fd_pr__nfet_g5v0d10v5/(1|3) = 1   |  sky130_fd_pr__nfet_g5v0d10v5/(1|3) = 1   
  rseg_1_v3/v61 = 1                        |  rseg_1_v3/25 = 1                         
                                           |                                           
Net: rseg_1_v3_1/v44                       |Net: V23                                   
  sky130_fd_pr__nfet_g5v0d10v5/(1|3) = 1   |  sky130_fd_pr__nfet_g5v0d10v5/(1|3) = 1   
  rseg_1_v3/v44 = 1                        |  rseg_1_v3/24 = 1                         
                                           |                                           
Net: rseg_1_v3_1/v41                       |Net: V22                                   
  sky130_fd_pr__nfet_g5v0d10v5/(1|3) = 1   |  sky130_fd_pr__nfet_g5v0d10v5/(1|3) = 1   
  rseg_1_v3/v41 = 1                        |  rseg_1_v3/23 = 1                         
                                           |                                           
Net: rseg_1_v3_1/v42                       |Net: V21                                   
  sky130_fd_pr__nfet_g5v0d10v5/(1|3) = 1   |  sky130_fd_pr__nfet_g5v0d10v5/(1|3) = 1   
  rseg_1_v3/v42 = 1                        |  rseg_1_v3/22 = 1                         
                                           |                                           
Net: rseg_1_v3_1/v46                       |Net: V20                                   
  sky130_fd_pr__nfet_g5v0d10v5/(1|3) = 1   |  sky130_fd_pr__nfet_g5v0d10v5/(1|3) = 1   
  rseg_1_v3/v46 = 1                        |  rseg_1_v3/21 = 1                         
                                           |                                           
Net: rseg_1_v3_1/v40                       |Net: V19                                   
  sky130_fd_pr__nfet_g5v0d10v5/(1|3) = 1   |  sky130_fd_pr__nfet_g5v0d10v5/(1|3) = 1   
  rseg_1_v3/v40 = 1                        |  rseg_1_v3/20 = 1                         
                                           |                                           
Net: rseg_1_v3_1/v43                       |Net: V18                                   
  sky130_fd_pr__nfet_g5v0d10v5/(1|3) = 1   |  sky130_fd_pr__nfet_g5v0d10v5/(1|3) = 1   
  rseg_1_v3/v43 = 1                        |  rseg_1_v3/19 = 1                         
                                           |                                           
Net: rseg_1_v3_1/v47                       |Net: V17                                   
  sky130_fd_pr__nfet_g5v0d10v5/(1|3) = 1   |  sky130_fd_pr__nfet_g5v0d10v5/(1|3) = 1   
  rseg_1_v3/v47 = 1                        |  rseg_1_v3/18 = 1                         
                                           |                                           
Net: rseg_1_v3_1/v45                       |Net: V16                                   
  sky130_fd_pr__nfet_g5v0d10v5/(1|3) = 1   |  sky130_fd_pr__nfet_g5v0d10v5/(1|3) = 1   
  rseg_1_v3/v45 = 1                        |  rseg_1_v3/17 = 1                         
                                           |                                           
Net: rseg_1_v3_1/v28                       |Net: V15                                   
  sky130_fd_pr__nfet_g5v0d10v5/(1|3) = 1   |  sky130_fd_pr__nfet_g5v0d10v5/(1|3) = 1   
  rseg_1_v3/v28 = 1                        |  rseg_1_v3/16 = 1                         
                                           |                                           
Net: rseg_1_v3_1/v25                       |Net: V14                                   
  sky130_fd_pr__nfet_g5v0d10v5/(1|3) = 1   |  sky130_fd_pr__nfet_g5v0d10v5/(1|3) = 1   
  rseg_1_v3/v25 = 1                        |  rseg_1_v3/15 = 1                         
                                           |                                           
Net: rseg_1_v3_1/v26                       |Net: V13                                   
  sky130_fd_pr__nfet_g5v0d10v5/(1|3) = 1   |  sky130_fd_pr__nfet_g5v0d10v5/(1|3) = 1   
  rseg_1_v3/v26 = 1                        |  rseg_1_v3/14 = 1                         
                                           |                                           
Net: rseg_1_v3_1/v30                       |Net: V12                                   
  sky130_fd_pr__nfet_g5v0d10v5/(1|3) = 1   |  sky130_fd_pr__nfet_g5v0d10v5/(1|3) = 1   
  rseg_1_v3/v30 = 1                        |  rseg_1_v3/13 = 1                         
                                           |                                           
Net: rseg_1_v3_1/v24                       |Net: V11                                   
  sky130_fd_pr__nfet_g5v0d10v5/(1|3) = 1   |  sky130_fd_pr__nfet_g5v0d10v5/(1|3) = 1   
  rseg_1_v3/v24 = 1                        |  rseg_1_v3/12 = 1                         
                                           |                                           
Net: rseg_1_v3_1/v27                       |Net: V10                                   
  sky130_fd_pr__nfet_g5v0d10v5/(1|3) = 1   |  sky130_fd_pr__nfet_g5v0d10v5/(1|3) = 1   
  rseg_1_v3/v27 = 1                        |  rseg_1_v3/11 = 1                         
                                           |                                           
Net: rseg_1_v3_1/v31                       |Net: V9                                    
  sky130_fd_pr__nfet_g5v0d10v5/(1|3) = 1   |  sky130_fd_pr__nfet_g5v0d10v5/(1|3) = 1   
  rseg_1_v3/v31 = 1                        |  rseg_1_v3/10 = 1                         
                                           |                                           
Net: rseg_1_v3_1/v29                       |Net: V8                                    
  sky130_fd_pr__nfet_g5v0d10v5/(1|3) = 1   |  sky130_fd_pr__nfet_g5v0d10v5/(1|3) = 1   
  rseg_1_v3/v29 = 1                        |  rseg_1_v3/9 = 1                          
                                           |                                           
Net: rseg_1_v3_1/v12                       |Net: V7                                    
  sky130_fd_pr__nfet_g5v0d10v5/(1|3) = 1   |  sky130_fd_pr__nfet_g5v0d10v5/(1|3) = 1   
  rseg_1_v3/v12 = 1                        |  rseg_1_v3/8 = 1                          
                                           |                                           
Net: rseg_1_v3_1/v9                        |Net: V6                                    
  sky130_fd_pr__nfet_g5v0d10v5/(1|3) = 1   |  sky130_fd_pr__nfet_g5v0d10v5/(1|3) = 1   
  rseg_1_v3/v9 = 1                         |  rseg_1_v3/7 = 1                          
                                           |                                           
Net: rseg_1_v3_1/v10                       |Net: V5                                    
  sky130_fd_pr__nfet_g5v0d10v5/(1|3) = 1   |  sky130_fd_pr__nfet_g5v0d10v5/(1|3) = 1   
  rseg_1_v3/v10 = 1                        |  rseg_1_v3/6 = 1                          
                                           |                                           
Net: rseg_1_v3_1/v14                       |Net: V4                                    
  sky130_fd_pr__nfet_g5v0d10v5/(1|3) = 1   |  sky130_fd_pr__nfet_g5v0d10v5/(1|3) = 1   
  rseg_1_v3/v14 = 1                        |  rseg_1_v3/5 = 1                          
                                           |                                           
Net: rseg_1_v3_1/v8                        |Net: V3                                    
  sky130_fd_pr__nfet_g5v0d10v5/(1|3) = 1   |  sky130_fd_pr__nfet_g5v0d10v5/(1|3) = 1   
  rseg_1_v3/v8 = 1                         |  rseg_1_v3/4 = 1                          
                                           |                                           
Net: rseg_1_v3_1/v11                       |Net: V2                                    
  sky130_fd_pr__nfet_g5v0d10v5/(1|3) = 1   |  sky130_fd_pr__nfet_g5v0d10v5/(1|3) = 1   
  rseg_1_v3/v11 = 1                        |  rseg_1_v3/3 = 1                          
                                           |                                           
Net: rseg_1_v3_1/v15                       |Net: V1                                    
  sky130_fd_pr__nfet_g5v0d10v5/(1|3) = 1   |  sky130_fd_pr__nfet_g5v0d10v5/(1|3) = 1   
  rseg_1_v3/v15 = 1                        |  rseg_1_v3/2 = 1                          
                                           |                                           
Net: rseg_1_v3_1/v13                       |Net: V0                                    
  sky130_fd_pr__nfet_g5v0d10v5/(1|3) = 1   |  sky130_fd_pr__nfet_g5v0d10v5/(1|3) = 1   
  rseg_1_v3/v13 = 1                        |  rseg_1_v3/1 = 1                          
---------------------------------------------------------------------------------------
DEVICE mismatches: Class fragments follow (with node fanout counts):
Circuit 1: top_segment_1                   |Circuit 2: top_segment_1                   

---------------------------------------------------------------------------------------
Instance: rseg_1_v3_1                      |Instance: rseg_1_v3:9                      
  v0 = 2                                   |  proxyv0 = 1                              
  v1 = 2                                   |  proxyv1 = 1                              
  v2 = 2                                   |  proxyv2 = 1                              
  v3 = 2                                   |  proxyv3 = 1                              
  v4 = 2                                   |  proxyv4 = 1                              
  v5 = 2                                   |  proxyv5 = 1                              
  v6 = 2                                   |  proxyv6 = 1                              
  v7 = 2                                   |  proxyv7 = 1                              
  v8 = 2                                   |  proxyv8 = 1                              
  v11 = 2                                  |  proxyv11 = 1                             
  v13 = 2                                  |  proxyv13 = 1                             
  v14 = 2                                  |  proxyv14 = 1                             
  v19 = 2                                  |  proxyv19 = 1                             
  v20 = 2                                  |  proxyv20 = 1                             
  v21 = 2                                  |  proxyv21 = 1                             
  v26 = 2                                  |  proxyv26 = 1                             
  v36 = 2                                  |  proxyv36 = 1                             
  v41 = 2                                  |  proxyv41 = 1                             
  v50 = 2                                  |  proxyv50 = 1                             
  v51 = 2                                  |  proxyv51 = 1                             
  v61 = 2                                  |  proxyv61 = 1                             
  v62 = 2                                  |  proxyv62 = 1                             
  v63 = 2                                  |  proxyv63 = 1                             
  v64 = 1                                  |  proxyv64 = 1                             
  gnd = 95                                 |  proxygnd = 1                             
  v15 = 2                                  |  proxyv15 = 1                             
  v38 = 2                                  |  proxyv38 = 1                             
  v17 = 2                                  |  proxyv17 = 1                             
  v16 = 2                                  |  proxyv16 = 1                             
  v24 = 2                                  |  proxyv24 = 1                             
  v28 = 2                                  |  proxyv28 = 1                             
  v34 = 2                                  |  proxyv34 = 1                             
  v10 = 2                                  |  proxyv10 = 1                             
  v59 = 2                                  |  proxyv59 = 1                             
  v35 = 2                                  |  proxyv35 = 1                             
  v22 = 2                                  |  proxyv22 = 1                             
  v58 = 2                                  |  proxyv58 = 1                             
  v46 = 2                                  |  proxyv46 = 1                             
  v18 = 2                                  |  proxyv18 = 1                             
  v45 = 2                                  |  proxyv45 = 1                             
  v12 = 2                                  |  proxyv12 = 1                             
  v47 = 2                                  |  proxyv47 = 1                             
  v23 = 2                                  |  proxyv23 = 1                             
  v43 = 2                                  |  proxyv43 = 1                             
  v56 = 2                                  |  proxyv56 = 1                             
  v25 = 2                                  |  proxyv25 = 1                             
  v60 = 2                                  |  proxyv60 = 1                             
  v39 = 2                                  |  proxyv39 = 1                             
  v55 = 2                                  |  proxyv55 = 1                             
  v42 = 2                                  |  proxyv42 = 1                             
  v49 = 2                                  |  proxyv49 = 1                             
  v48 = 2                                  |  proxyv48 = 1                             
  v53 = 2                                  |  proxyv53 = 1                             
  v30 = 2                                  |  proxyv30 = 1                             
  v52 = 2                                  |  proxyv52 = 1                             
  v9 = 2                                   |  proxyv9 = 1                              
  v29 = 2                                  |  proxyv29 = 1                             
  v40 = 2                                  |  proxyv40 = 1                             
  v44 = 2                                  |  proxyv44 = 1                             
  v31 = 2                                  |  proxyv31 = 1                             
  v27 = 2                                  |  proxyv27 = 1                             
  v54 = 2                                  |  proxyv54 = 1                             
  v57 = 2                                  |  proxyv57 = 1                             
  v33 = 2                                  |  proxyv33 = 1                             
  v32 = 2                                  |  proxyv32 = 1                             
  v37 = 2                                  |  proxyv37 = 1                             
  proxy1 = 1                               |  1 = 2                                    
  proxy2 = 1                               |  2 = 2                                    
  proxy3 = 1                               |  3 = 2                                    
  proxy4 = 1                               |  4 = 2                                    
  proxy5 = 1                               |  5 = 2                                    
  proxy6 = 1                               |  6 = 2                                    
  proxy7 = 1                               |  7 = 2                                    
  proxy8 = 1                               |  8 = 2                                    
  proxy9 = 1                               |  9 = 2                                    
  proxy10 = 1                              |  10 = 2                                   
  proxy11 = 1                              |  11 = 2                                   
  proxy12 = 1                              |  12 = 2                                   
  proxy13 = 1                              |  13 = 2                                   
  proxy14 = 1                              |  14 = 2                                   
  proxy15 = 1                              |  15 = 2                                   
  proxy16 = 1                              |  16 = 2                                   
  proxy17 = 1                              |  17 = 2                                   
  proxy18 = 1                              |  18 = 2                                   
  proxy19 = 1                              |  19 = 2                                   
  proxy20 = 1                              |  20 = 2                                   
  proxy21 = 1                              |  21 = 2                                   
  proxy22 = 1                              |  22 = 2                                   
  proxy23 = 1                              |  23 = 2                                   
  proxy24 = 1                              |  24 = 2                                   
  proxy25 = 1                              |  25 = 2                                   
  proxy26 = 1                              |  26 = 2                                   
  proxy27 = 1                              |  27 = 2                                   
  proxy28 = 1                              |  28 = 2                                   
  proxy29 = 1                              |  29 = 2                                   
  proxy30 = 1                              |  30 = 2                                   
  proxy31 = 1                              |  31 = 2                                   
  proxy32 = 1                              |  32 = 2                                   
  proxy33 = 1                              |  33 = 2                                   
  proxy34 = 1                              |  34 = 2                                   
  proxy35 = 1                              |  35 = 2                                   
  proxy36 = 1                              |  36 = 2                                   
  proxy37 = 1                              |  37 = 2                                   
  proxy38 = 1                              |  38 = 2                                   
  proxy39 = 1                              |  39 = 2                                   
  proxy40 = 1                              |  40 = 2                                   
  proxy41 = 1                              |  41 = 2                                   
  proxy42 = 1                              |  42 = 2                                   
  proxy43 = 1                              |  43 = 2                                   
  proxy44 = 1                              |  44 = 2                                   
  proxy45 = 1                              |  45 = 2                                   
  proxy46 = 1                              |  46 = 2                                   
  proxy47 = 1                              |  47 = 2                                   
  proxy48 = 1                              |  48 = 2                                   
  proxy49 = 1                              |  49 = 2                                   
  proxy50 = 1                              |  50 = 2                                   
  proxy51 = 1                              |  51 = 2                                   
  proxy52 = 1                              |  52 = 2                                   
  proxy53 = 1                              |  53 = 2                                   
  proxy54 = 1                              |  54 = 2                                   
  proxy55 = 1                              |  55 = 2                                   
  proxy56 = 1                              |  56 = 2                                   
  proxy57 = 1                              |  57 = 2                                   
  proxy58 = 1                              |  58 = 2                                   
  proxy59 = 1                              |  59 = 2                                   
  proxy60 = 1                              |  60 = 2                                   
  proxy61 = 1                              |  61 = 2                                   
  proxy62 = 1                              |  62 = 2                                   
  proxy63 = 1                              |  63 = 2                                   
  proxy64 = 1                              |  64 = 2                                   
  proxy65 = 1                              |  65 = 1                                   
  proxy66 = 1                              |  66 = 95                                  
---------------------------------------------------------------------------------------
Netlists do not match.
Port matching may fail to disambiguate symmetries.

Subcircuit pins:
Circuit 1: top_segment_1                   |Circuit 2: top_segment_1                   
-------------------------------------------|-------------------------------------------
bb[2]                                      |bb[2]                                      
b[2]                                       |b[2]                                       
bb[0]                                      |b[0] **Mismatch**                          
b[0]                                       |bb[0] **Mismatch**                         
bb[3]                                      |bb[3]                                      
b[3]                                       |b[3]                                       
GND                                        |GND                                        
DEC[0]                                     |DEC[0]                                     
DEC[1]                                     |DEC[1]                                     
DEC[2]                                     |DEC[2]                                     
DEC[3]                                     |DEC[3]                                     
b[1]                                       |bb[1] **Mismatch**                         
bb[1]                                      |b[1] **Mismatch**                          
VOUT                                       |VOUT                                       
(no pin, node is rseg_1_v3_1/v13)          |V0                                         
(no pin, node is rseg_1_v3_1/v64)          |V64                                        
V0                                         |(no matching pin)                          
V64                                        |(no matching pin)                          
---------------------------------------------------------------------------------------
Cell pin lists for top_segment_1 and top_segment_1 altered to match.
Device classes top_segment_1 and top_segment_1 are equivalent.

Final result: Top level cell failed pin matching.
